<?xml version="1.0" encoding="UTF-8"?>
<coverage generated="1667361873040" clover="3.2.0">
  <project timestamp="1667361873040" name="All files">
    <metrics statements="732" coveredstatements="518" conditionals="259" coveredconditionals="141" methods="83" coveredmethods="44" elements="1074" coveredelements="703" complexity="0" loc="732" ncloc="732" packages="5" files="21" classes="21"/>
    <package name="BETA-API">
      <metrics statements="67" coveredstatements="54" conditionals="6" coveredconditionals="3" methods="21" coveredmethods="8"/>
      <file name="errorHandler.js" path="/home/darkenmax06/Documentos/beta app/BETA-API/errorHandler.js">
        <metrics statements="21" coveredstatements="10" conditionals="2" coveredconditionals="1" methods="16" coveredmethods="5"/>
        <line num="2" count="13" type="stmt"/>
        <line num="3" count="13" type="stmt"/>
        <line num="4" count="13" type="stmt"/>
        <line num="6" count="13" type="stmt"/>
        <line num="11" count="0" type="stmt"/>
        <line num="12" count="0" type="stmt"/>
        <line num="13" count="6" type="stmt"/>
        <line num="15" count="0" type="stmt"/>
        <line num="16" count="0" type="stmt"/>
        <line num="17" count="0" type="stmt"/>
        <line num="18" count="0" type="stmt"/>
        <line num="19" count="0" type="stmt"/>
        <line num="20" count="1" type="stmt"/>
        <line num="21" count="0" type="stmt"/>
        <line num="22" count="2" type="stmt"/>
        <line num="23" count="0" type="stmt"/>
        <line num="26" count="4" type="stmt"/>
        <line num="28" count="0" type="stmt"/>
        <line num="29" count="0" type="stmt"/>
        <line num="32" count="13" type="cond" truecount="1" falsecount="1"/>
        <line num="37" count="2" type="stmt"/>
      </file>
      <file name="index.js" path="/home/darkenmax06/Documentos/beta app/BETA-API/index.js">
        <metrics statements="40" coveredstatements="39" conditionals="2" coveredconditionals="1" methods="3" coveredmethods="2"/>
        <line num="1" count="2" type="stmt"/>
        <line num="2" count="2" type="stmt"/>
        <line num="3" count="2" type="stmt"/>
        <line num="4" count="2" type="stmt"/>
        <line num="5" count="2" type="stmt"/>
        <line num="6" count="2" type="stmt"/>
        <line num="8" count="2" type="stmt"/>
        <line num="9" count="2" type="stmt"/>
        <line num="10" count="2" type="stmt"/>
        <line num="11" count="2" type="stmt"/>
        <line num="12" count="2" type="stmt"/>
        <line num="13" count="2" type="stmt"/>
        <line num="14" count="2" type="stmt"/>
        <line num="15" count="2" type="stmt"/>
        <line num="17" count="2" type="stmt"/>
        <line num="49" count="2" type="stmt"/>
        <line num="51" count="2" type="stmt"/>
        <line num="53" count="2" type="stmt"/>
        <line num="54" count="95" type="stmt"/>
        <line num="55" count="95" type="stmt"/>
        <line num="56" count="95" type="stmt"/>
        <line num="57" count="95" type="stmt"/>
        <line num="61" count="2" type="stmt"/>
        <line num="62" count="2" type="stmt"/>
        <line num="63" count="2" type="stmt"/>
        <line num="64" count="2" type="stmt"/>
        <line num="73" count="2" type="stmt"/>
        <line num="74" count="2" type="stmt"/>
        <line num="75" count="2" type="stmt"/>
        <line num="76" count="2" type="stmt"/>
        <line num="77" count="2" type="stmt"/>
        <line num="78" count="2" type="stmt"/>
        <line num="79" count="2" type="stmt"/>
        <line num="83" count="2" type="stmt"/>
        <line num="84" count="0" type="stmt"/>
        <line num="87" count="2" type="stmt"/>
        <line num="91" count="2" type="cond" truecount="1" falsecount="1"/>
        <line num="93" count="2" type="stmt"/>
        <line num="94" count="2" type="stmt"/>
        <line num="97" count="2" type="stmt"/>
      </file>
      <file name="mongodb.js" path="/home/darkenmax06/Documentos/beta app/BETA-API/mongodb.js">
        <metrics statements="6" coveredstatements="5" conditionals="2" coveredconditionals="1" methods="2" coveredmethods="1"/>
        <line num="1" count="2" type="stmt"/>
        <line num="3" count="2" type="cond" truecount="1" falsecount="1"/>
        <line num="7" count="2" type="stmt"/>
        <line num="12" count="2" type="stmt"/>
        <line num="13" count="2" type="stmt"/>
        <line num="14" count="0" type="stmt"/>
      </file>
    </package>
    <package name="BETA-API.models">
      <metrics statements="59" coveredstatements="56" conditionals="0" coveredconditionals="0" methods="9" coveredmethods="8"/>
      <file name="Announcements.js" path="/home/darkenmax06/Documentos/beta app/BETA-API/models/Announcements.js">
        <metrics statements="13" coveredstatements="13" conditionals="0" coveredconditionals="0" methods="3" coveredmethods="3"/>
        <line num="1" count="2" type="stmt"/>
        <line num="3" count="2" type="stmt"/>
        <line num="20" count="2" type="stmt"/>
        <line num="21" count="6" type="stmt"/>
        <line num="29" count="6" type="stmt"/>
        <line num="32" count="2" type="stmt"/>
        <line num="33" count="2" type="stmt"/>
        <line num="41" count="2" type="stmt"/>
        <line num="44" count="2" type="stmt"/>
        <line num="46" count="3" type="stmt"/>
        <line num="47" count="3" type="stmt"/>
        <line num="48" count="3" type="stmt"/>
        <line num="52" count="2" type="stmt"/>
      </file>
      <file name="ClassRoom.js" path="/home/darkenmax06/Documentos/beta app/BETA-API/models/ClassRoom.js">
        <metrics statements="8" coveredstatements="8" conditionals="0" coveredconditionals="0" methods="1" coveredmethods="1"/>
        <line num="1" count="2" type="stmt"/>
        <line num="3" count="2" type="stmt"/>
        <line num="51" count="2" type="stmt"/>
        <line num="53" count="24" type="stmt"/>
        <line num="54" count="24" type="stmt"/>
        <line num="55" count="24" type="stmt"/>
        <line num="59" count="2" type="stmt"/>
        <line num="63" count="2" type="stmt"/>
      </file>
      <file name="Homework.js" path="/home/darkenmax06/Documentos/beta app/BETA-API/models/Homework.js">
        <metrics statements="7" coveredstatements="7" conditionals="0" coveredconditionals="0" methods="1" coveredmethods="1"/>
        <line num="1" count="2" type="stmt"/>
        <line num="3" count="2" type="stmt"/>
        <line num="32" count="2" type="stmt"/>
        <line num="34" count="3" type="stmt"/>
        <line num="35" count="3" type="stmt"/>
        <line num="36" count="3" type="stmt"/>
        <line num="40" count="2" type="stmt"/>
      </file>
      <file name="Score.js" path="/home/darkenmax06/Documentos/beta app/BETA-API/models/Score.js">
        <metrics statements="8" coveredstatements="8" conditionals="0" coveredconditionals="0" methods="1" coveredmethods="1"/>
        <line num="1" count="2" type="stmt"/>
        <line num="3" count="2" type="stmt"/>
        <line num="17" count="2" type="stmt"/>
        <line num="19" count="3" type="stmt"/>
        <line num="20" count="3" type="stmt"/>
        <line num="21" count="3" type="stmt"/>
        <line num="25" count="2" type="stmt"/>
        <line num="28" count="2" type="stmt"/>
      </file>
      <file name="Student.js" path="/home/darkenmax06/Documentos/beta app/BETA-API/models/Student.js">
        <metrics statements="8" coveredstatements="8" conditionals="0" coveredconditionals="0" methods="1" coveredmethods="1"/>
        <line num="1" count="2" type="stmt"/>
        <line num="3" count="2" type="stmt"/>
        <line num="34" count="2" type="stmt"/>
        <line num="36" count="58" type="stmt"/>
        <line num="37" count="58" type="stmt"/>
        <line num="38" count="58" type="stmt"/>
        <line num="42" count="2" type="stmt"/>
        <line num="46" count="2" type="stmt"/>
      </file>
      <file name="Task.js" path="/home/darkenmax06/Documentos/beta app/BETA-API/models/Task.js">
        <metrics statements="7" coveredstatements="4" conditionals="0" coveredconditionals="0" methods="1" coveredmethods="0"/>
        <line num="1" count="2" type="stmt"/>
        <line num="3" count="2" type="stmt"/>
        <line num="17" count="2" type="stmt"/>
        <line num="19" count="0" type="stmt"/>
        <line num="20" count="0" type="stmt"/>
        <line num="21" count="0" type="stmt"/>
        <line num="25" count="2" type="stmt"/>
      </file>
      <file name="Teacher.js" path="/home/darkenmax06/Documentos/beta app/BETA-API/models/Teacher.js">
        <metrics statements="8" coveredstatements="8" conditionals="0" coveredconditionals="0" methods="1" coveredmethods="1"/>
        <line num="1" count="2" type="stmt"/>
        <line num="3" count="2" type="stmt"/>
        <line num="25" count="2" type="stmt"/>
        <line num="27" count="37" type="stmt"/>
        <line num="28" count="37" type="stmt"/>
        <line num="29" count="37" type="stmt"/>
        <line num="33" count="2" type="stmt"/>
        <line num="37" count="2" type="stmt"/>
      </file>
    </package>
    <package name="BETA-API.routes">
      <metrics statements="571" coveredstatements="373" conditionals="249" coveredconditionals="135" methods="49" coveredmethods="24"/>
      <file name="announcementsRoutes.js" path="/home/darkenmax06/Documentos/beta app/BETA-API/routes/announcementsRoutes.js">
        <metrics statements="100" coveredstatements="78" conditionals="42" coveredconditionals="29" methods="8" coveredmethods="5"/>
        <line num="1" count="2" type="stmt"/>
        <line num="2" count="2" type="stmt"/>
        <line num="3" count="2" type="stmt"/>
        <line num="4" count="2" type="stmt"/>
        <line num="5" count="2" type="stmt"/>
        <line num="6" count="2" type="stmt"/>
        <line num="7" count="2" type="stmt"/>
        <line num="8" count="2" type="stmt"/>
        <line num="10" count="2" type="stmt"/>
        <line num="11" count="2" type="stmt"/>
        <line num="12" count="2" type="stmt"/>
        <line num="15" count="2" type="stmt"/>
        <line num="16" count="0" type="stmt"/>
        <line num="17" count="0" type="stmt"/>
        <line num="18" count="0" type="stmt"/>
        <line num="19" count="0" type="stmt"/>
        <line num="27" count="0" type="stmt"/>
        <line num="30" count="0" type="stmt"/>
        <line num="34" count="2" type="stmt"/>
        <line num="36" count="0" type="stmt"/>
        <line num="42" count="2" type="stmt"/>
        <line num="49" count="0" type="stmt"/>
        <line num="50" count="0" type="stmt"/>
        <line num="51" count="0" type="stmt"/>
        <line num="53" count="0" type="cond" truecount="0" falsecount="4"/>
        <line num="54" count="0" type="stmt"/>
        <line num="61" count="2" type="stmt"/>
        <line num="62" count="4" type="stmt"/>
        <line num="63" count="4" type="stmt"/>
        <line num="64" count="4" type="stmt"/>
        <line num="65" count="4" type="stmt"/>
        <line num="66" count="4" type="stmt"/>
        <line num="68" count="4" type="cond" truecount="3" falsecount="1"/>
        <line num="69" count="4" type="cond" truecount="2" falsecount="0"/>
        <line num="71" count="3" type="cond" truecount="4" falsecount="0"/>
        <line num="73" count="2" type="stmt"/>
        <line num="74" count="2" type="stmt"/>
        <line num="75" count="2" type="stmt"/>
        <line num="77" count="0" type="stmt"/>
        <line num="80" count="2" type="cond" truecount="1" falsecount="1"/>
        <line num="82" count="2" type="stmt"/>
        <line num="83" count="2" type="stmt"/>
        <line num="85" count="2" type="cond" truecount="2" falsecount="0"/>
        <line num="86" count="1" type="stmt"/>
        <line num="88" count="1" type="stmt"/>
        <line num="89" count="1" type="cond" truecount="1" falsecount="1"/>
        <line num="91" count="0" type="stmt"/>
        <line num="94" count="1" type="cond" truecount="1" falsecount="1"/>
        <line num="97" count="1" type="stmt"/>
        <line num="102" count="2" type="cond" truecount="1" falsecount="1"/>
        <line num="105" count="2" type="stmt"/>
        <line num="115" count="2" type="stmt"/>
        <line num="116" count="2" type="stmt"/>
        <line num="118" count="0" type="stmt"/>
        <line num="121" count="2" type="cond" truecount="2" falsecount="0"/>
        <line num="122" count="1" type="stmt"/>
        <line num="123" count="1" type="stmt"/>
        <line num="124" count="1" type="stmt"/>
        <line num="126" count="0" type="stmt"/>
        <line num="130" count="2" type="stmt"/>
        <line num="131" count="2" type="stmt"/>
        <line num="132" count="2" type="stmt"/>
        <line num="134" count="0" type="stmt"/>
        <line num="137" count="2" type="stmt"/>
        <line num="140" count="2" type="stmt"/>
        <line num="141" count="3" type="stmt"/>
        <line num="142" count="3" type="stmt"/>
        <line num="143" count="3" type="stmt"/>
        <line num="145" count="3" type="cond" truecount="3" falsecount="1"/>
        <line num="146" count="3" type="cond" truecount="2" falsecount="0"/>
        <line num="148" count="2" type="stmt"/>
        <line num="149" count="2" type="stmt"/>
        <line num="150" count="0" type="stmt"/>
        <line num="151" count="2" type="cond" truecount="2" falsecount="0"/>
        <line num="152" count="1" type="stmt"/>
        <line num="154" count="1" type="stmt"/>
        <line num="155" count="1" type="stmt"/>
        <line num="156" count="0" type="stmt"/>
        <line num="157" count="1" type="cond" truecount="1" falsecount="1"/>
        <line num="158" count="1" type="stmt"/>
        <line num="160" count="1" type="stmt"/>
        <line num="161" count="1" type="cond" truecount="1" falsecount="1"/>
        <line num="162" count="1" type="stmt"/>
        <line num="163" count="1" type="cond" truecount="1" falsecount="1"/>
        <line num="164" count="1" type="stmt"/>
        <line num="165" count="1" type="stmt"/>
        <line num="166" count="1" type="stmt"/>
        <line num="167" count="1" type="stmt"/>
        <line num="168" count="1" type="stmt"/>
        <line num="170" count="0" type="stmt"/>
        <line num="175" count="1" type="stmt"/>
        <line num="176" count="2" type="stmt"/>
        <line num="177" count="1" type="stmt"/>
        <line num="178" count="1" type="stmt"/>
        <line num="180" count="0" type="stmt"/>
        <line num="183" count="1" type="stmt"/>
        <line num="184" count="1" type="stmt"/>
        <line num="185" count="1" type="stmt"/>
        <line num="187" count="0" type="stmt"/>
        <line num="191" count="2" type="stmt"/>
      </file>
      <file name="classRoomRoutes.js" path="/home/darkenmax06/Documentos/beta app/BETA-API/routes/classRoomRoutes.js">
        <metrics statements="79" coveredstatements="72" conditionals="25" coveredconditionals="18" methods="8" coveredmethods="8"/>
        <line num="1" count="2" type="stmt"/>
        <line num="2" count="2" type="stmt"/>
        <line num="3" count="2" type="stmt"/>
        <line num="4" count="2" type="stmt"/>
        <line num="5" count="2" type="stmt"/>
        <line num="6" count="2" type="stmt"/>
        <line num="7" count="2" type="stmt"/>
        <line num="9" count="2" type="stmt"/>
        <line num="10" count="15" type="stmt"/>
        <line num="12" count="15" type="stmt"/>
        <line num="15" count="2" type="stmt"/>
        <line num="16" count="8" type="stmt"/>
        <line num="17" count="8" type="stmt"/>
        <line num="30" count="8" type="cond" truecount="1" falsecount="1"/>
        <line num="32" count="8" type="stmt"/>
        <line num="35" count="2" type="stmt"/>
        <line num="36" count="3" type="stmt"/>
        <line num="37" count="3" type="stmt"/>
        <line num="38" count="3" type="stmt"/>
        <line num="40" count="3" type="cond" truecount="3" falsecount="1"/>
        <line num="41" count="3" type="cond" truecount="2" falsecount="0"/>
        <line num="43" count="2" type="cond" truecount="5" falsecount="0"/>
        <line num="45" count="1" type="stmt"/>
        <line num="46" count="1" type="stmt"/>
        <line num="47" count="1" type="stmt"/>
        <line num="49" count="0" type="stmt"/>
        <line num="52" count="1" type="cond" truecount="1" falsecount="1"/>
        <line num="54" count="1" type="stmt"/>
        <line num="61" count="1" type="stmt"/>
        <line num="62" count="1" type="stmt"/>
        <line num="63" count="1" type="stmt"/>
        <line num="65" count="0" type="stmt"/>
        <line num="68" count="1" type="stmt"/>
        <line num="70" count="1" type="stmt"/>
        <line num="71" count="4" type="stmt"/>
        <line num="72" count="4" type="stmt"/>
        <line num="82" count="4" type="stmt"/>
        <line num="83" count="4" type="stmt"/>
        <line num="84" count="4" type="stmt"/>
        <line num="85" count="4" type="stmt"/>
        <line num="88" count="1" type="stmt"/>
        <line num="90" count="1" type="stmt"/>
        <line num="92" count="1" type="stmt"/>
        <line num="93" count="1" type="stmt"/>
        <line num="94" count="1" type="stmt"/>
        <line num="95" count="1" type="stmt"/>
        <line num="104" count="1" type="stmt"/>
        <line num="106" count="0" type="stmt"/>
        <line num="110" count="2" type="stmt"/>
        <line num="111" count="1" type="stmt"/>
        <line num="112" count="1" type="stmt"/>
        <line num="113" count="1" type="stmt"/>
        <line num="115" count="1" type="cond" truecount="3" falsecount="1"/>
        <line num="116" count="1" type="cond" truecount="1" falsecount="1"/>
        <line num="117" count="1" type="stmt"/>
        <line num="118" count="1" type="stmt"/>
        <line num="119" count="1" type="stmt"/>
        <line num="121" count="0" type="stmt"/>
        <line num="125" count="1" type="cond" truecount="1" falsecount="1"/>
        <line num="127" count="1" type="stmt"/>
        <line num="128" count="4" type="stmt"/>
        <line num="131" count="4" type="stmt"/>
        <line num="133" count="4" type="stmt"/>
        <line num="134" count="4" type="stmt"/>
        <line num="135" count="4" type="stmt"/>
        <line num="138" count="1" type="stmt"/>
        <line num="139" count="0" type="stmt"/>
        <line num="142" count="1" type="stmt"/>
        <line num="144" count="1" type="stmt"/>
        <line num="145" count="1" type="stmt"/>
        <line num="147" count="0" type="stmt"/>
        <line num="150" count="1" type="cond" truecount="1" falsecount="1"/>
        <line num="151" count="1" type="stmt"/>
        <line num="152" count="1" type="stmt"/>
        <line num="154" count="1" type="stmt"/>
        <line num="155" count="1" type="stmt"/>
        <line num="156" count="1" type="stmt"/>
        <line num="158" count="0" type="stmt"/>
        <line num="162" count="2" type="stmt"/>
      </file>
      <file name="homeworksRoutes.js" path="/home/darkenmax06/Documentos/beta app/BETA-API/routes/homeworksRoutes.js">
        <metrics statements="69" coveredstatements="53" conditionals="29" coveredconditionals="18" methods="6" coveredmethods="2"/>
        <line num="1" count="2" type="stmt"/>
        <line num="2" count="2" type="stmt"/>
        <line num="3" count="2" type="stmt"/>
        <line num="4" count="2" type="stmt"/>
        <line num="5" count="2" type="stmt"/>
        <line num="8" count="2" type="stmt"/>
        <line num="9" count="2" type="stmt"/>
        <line num="10" count="2" type="stmt"/>
        <line num="12" count="2" type="stmt"/>
        <line num="14" count="0" type="stmt"/>
        <line num="20" count="2" type="stmt"/>
        <line num="27" count="0" type="stmt"/>
        <line num="28" count="0" type="stmt"/>
        <line num="29" count="0" type="stmt"/>
        <line num="31" count="0" type="cond" truecount="0" falsecount="4"/>
        <line num="32" count="0" type="stmt"/>
        <line num="41" count="2" type="stmt"/>
        <line num="42" count="0" type="stmt"/>
        <line num="43" count="0" type="stmt"/>
        <line num="46" count="2" type="stmt"/>
        <line num="47" count="5" type="stmt"/>
        <line num="48" count="5" type="stmt"/>
        <line num="50" count="5" type="stmt"/>
        <line num="51" count="5" type="stmt"/>
        <line num="53" count="5" type="cond" truecount="3" falsecount="1"/>
        <line num="54" count="5" type="cond" truecount="2" falsecount="0"/>
        <line num="56" count="4" type="cond" truecount="1" falsecount="1"/>
        <line num="58" count="4" type="stmt"/>
        <line num="60" count="4" type="cond" truecount="5" falsecount="0"/>
        <line num="62" count="2" type="stmt"/>
        <line num="64" count="2" type="stmt"/>
        <line num="65" count="2" type="stmt"/>
        <line num="67" count="0" type="stmt"/>
        <line num="70" count="2" type="stmt"/>
        <line num="72" count="2" type="cond" truecount="1" falsecount="1"/>
        <line num="74" count="2" type="stmt"/>
        <line num="81" count="2" type="stmt"/>
        <line num="82" count="2" type="stmt"/>
        <line num="84" count="0" type="stmt"/>
        <line num="87" count="2" type="stmt"/>
        <line num="90" count="2" type="stmt"/>
        <line num="91" count="2" type="stmt"/>
        <line num="92" count="2" type="stmt"/>
        <line num="94" count="0" type="stmt"/>
        <line num="97" count="2" type="stmt"/>
        <line num="98" count="2" type="stmt"/>
        <line num="103" count="2" type="stmt"/>
        <line num="104" count="1" type="stmt"/>
        <line num="105" count="1" type="stmt"/>
        <line num="106" count="1" type="stmt"/>
        <line num="107" count="1" type="stmt"/>
        <line num="108" count="1" type="stmt"/>
        <line num="110" count="1" type="cond" truecount="3" falsecount="1"/>
        <line num="111" count="1" type="cond" truecount="1" falsecount="1"/>
        <line num="113" count="1" type="stmt"/>
        <line num="114" count="1" type="stmt"/>
        <line num="115" count="1" type="stmt"/>
        <line num="117" count="0" type="stmt"/>
        <line num="120" count="1" type="cond" truecount="1" falsecount="1"/>
        <line num="122" count="1" type="stmt"/>
        <line num="124" count="1" type="cond" truecount="1" falsecount="1"/>
        <line num="125" count="0" type="stmt"/>
        <line num="126" count="0" type="stmt"/>
        <line num="128" count="0" type="stmt"/>
        <line num="132" count="1" type="stmt"/>
        <line num="133" count="1" type="stmt"/>
        <line num="135" count="0" type="stmt"/>
        <line num="138" count="1" type="stmt"/>
        <line num="141" count="2" type="stmt"/>
      </file>
      <file name="login.js" path="/home/darkenmax06/Documentos/beta app/BETA-API/routes/login.js">
        <metrics statements="50" coveredstatements="24" conditionals="28" coveredconditionals="8" methods="4" coveredmethods="1"/>
        <line num="1" count="2" type="stmt"/>
        <line num="2" count="2" type="stmt"/>
        <line num="3" count="2" type="stmt"/>
        <line num="4" count="2" type="stmt"/>
        <line num="5" count="2" type="stmt"/>
        <line num="6" count="2" type="stmt"/>
        <line num="7" count="2" type="stmt"/>
        <line num="9" count="2" type="stmt"/>
        <line num="10" count="23" type="stmt"/>
        <line num="12" count="23" type="stmt"/>
        <line num="14" count="23" type="cond" truecount="1" falsecount="1"/>
        <line num="15" count="23" type="cond" truecount="1" falsecount="1"/>
        <line num="17" count="23" type="stmt"/>
        <line num="18" count="23" type="stmt"/>
        <line num="20" count="23" type="cond" truecount="2" falsecount="0"/>
        <line num="22" count="23" type="cond" truecount="1" falsecount="1"/>
        <line num="26" count="23" type="cond" truecount="1" falsecount="1"/>
        <line num="28" count="23" type="stmt"/>
        <line num="33" count="23" type="stmt"/>
        <line num="34" count="23" type="stmt"/>
        <line num="36" count="23" type="stmt"/>
        <line num="41" count="0" type="stmt"/>
        <line num="47" count="2" type="stmt"/>
        <line num="48" count="0" type="stmt"/>
        <line num="50" count="0" type="cond" truecount="0" falsecount="2"/>
        <line num="52" count="0" type="stmt"/>
        <line num="53" count="0" type="stmt"/>
        <line num="55" count="0" type="cond" truecount="0" falsecount="2"/>
        <line num="57" count="0" type="cond" truecount="0" falsecount="2"/>
        <line num="59" count="0" type="stmt"/>
        <line num="69" count="0" type="stmt"/>
        <line num="80" count="0" type="stmt"/>
        <line num="81" count="0" type="cond" truecount="0" falsecount="2"/>
        <line num="84" count="0" type="stmt"/>
        <line num="88" count="2" type="stmt"/>
        <line num="89" count="0" type="stmt"/>
        <line num="90" count="0" type="stmt"/>
        <line num="92" count="0" type="cond" truecount="0" falsecount="2"/>
        <line num="93" count="0" type="cond" truecount="0" falsecount="2"/>
        <line num="95" count="0" type="stmt"/>
        <line num="96" count="0" type="stmt"/>
        <line num="98" count="0" type="cond" truecount="0" falsecount="2"/>
        <line num="100" count="0" type="stmt"/>
        <line num="102" count="0" type="cond" truecount="0" falsecount="2"/>
        <line num="104" count="0" type="stmt"/>
        <line num="106" count="0" type="stmt"/>
        <line num="107" count="0" type="stmt"/>
        <line num="108" count="0" type="stmt"/>
        <line num="110" count="0" type="stmt"/>
        <line num="114" count="2" type="stmt"/>
      </file>
      <file name="scoreRoutes.js" path="/home/darkenmax06/Documentos/beta app/BETA-API/routes/scoreRoutes.js">
        <metrics statements="25" coveredstatements="23" conditionals="8" coveredconditionals="5" methods="1" coveredmethods="1"/>
        <line num="1" count="2" type="stmt"/>
        <line num="2" count="2" type="stmt"/>
        <line num="3" count="2" type="stmt"/>
        <line num="4" count="2" type="stmt"/>
        <line num="6" count="2" type="stmt"/>
        <line num="7" count="1" type="stmt"/>
        <line num="8" count="1" type="stmt"/>
        <line num="9" count="1" type="stmt"/>
        <line num="11" count="1" type="cond" truecount="3" falsecount="1"/>
        <line num="12" count="1" type="cond" truecount="1" falsecount="1"/>
        <line num="14" count="1" type="stmt"/>
        <line num="16" count="1" type="stmt"/>
        <line num="17" count="1" type="stmt"/>
        <line num="19" count="0" type="stmt"/>
        <line num="22" count="1" type="cond" truecount="1" falsecount="1"/>
        <line num="24" count="1" type="stmt"/>
        <line num="25" count="1" type="stmt"/>
        <line num="26" count="1" type="stmt"/>
        <line num="27" count="1" type="stmt"/>
        <line num="29" count="1" type="stmt"/>
        <line num="30" count="1" type="stmt"/>
        <line num="32" count="0" type="stmt"/>
        <line num="35" count="1" type="stmt"/>
        <line num="37" count="1" type="stmt"/>
        <line num="40" count="2" type="stmt"/>
      </file>
      <file name="studentRoutes.js" path="/home/darkenmax06/Documentos/beta app/BETA-API/routes/studentRoutes.js">
        <metrics statements="94" coveredstatements="53" conditionals="52" coveredconditionals="28" methods="8" coveredmethods="3"/>
        <line num="1" count="2" type="stmt"/>
        <line num="2" count="2" type="stmt"/>
        <line num="3" count="2" type="stmt"/>
        <line num="4" count="2" type="stmt"/>
        <line num="5" count="2" type="stmt"/>
        <line num="6" count="2" type="stmt"/>
        <line num="8" count="2" type="stmt"/>
        <line num="9" count="0" type="stmt"/>
        <line num="10" count="0" type="stmt"/>
        <line num="13" count="2" type="stmt"/>
        <line num="14" count="2" type="stmt"/>
        <line num="15" count="2" type="stmt"/>
        <line num="16" count="2" type="stmt"/>
        <line num="18" count="2" type="cond" truecount="3" falsecount="1"/>
        <line num="19" count="2" type="cond" truecount="1" falsecount="1"/>
        <line num="23" count="2" type="stmt"/>
        <line num="24" count="2" type="stmt"/>
        <line num="26" count="0" type="stmt"/>
        <line num="29" count="2" type="cond" truecount="1" falsecount="1"/>
        <line num="30" count="2" type="stmt"/>
        <line num="35" count="2" type="stmt"/>
        <line num="36" count="0" type="stmt"/>
        <line num="37" count="0" type="stmt"/>
        <line num="38" count="0" type="stmt"/>
        <line num="40" count="0" type="cond" truecount="0" falsecount="4"/>
        <line num="41" count="0" type="cond" truecount="0" falsecount="2"/>
        <line num="45" count="0" type="stmt"/>
        <line num="46" count="0" type="stmt"/>
        <line num="50" count="0" type="stmt"/>
        <line num="53" count="0" type="cond" truecount="0" falsecount="2"/>
        <line num="55" count="0" type="stmt"/>
        <line num="60" count="2" type="stmt"/>
        <line num="61" count="0" type="stmt"/>
        <line num="62" count="0" type="stmt"/>
        <line num="63" count="0" type="stmt"/>
        <line num="65" count="0" type="cond" truecount="0" falsecount="4"/>
        <line num="66" count="0" type="cond" truecount="0" falsecount="2"/>
        <line num="68" count="0" type="stmt"/>
        <line num="69" count="0" type="stmt"/>
        <line num="70" count="0" type="stmt"/>
        <line num="72" count="0" type="stmt"/>
        <line num="74" count="0" type="stmt"/>
        <line num="77" count="2" type="stmt"/>
        <line num="78" count="16" type="stmt"/>
        <line num="80" count="16" type="cond" truecount="2" falsecount="0"/>
        <line num="86" count="1" type="stmt"/>
        <line num="89" count="15" type="stmt"/>
        <line num="90" count="15" type="cond" truecount="2" falsecount="0"/>
        <line num="92" count="14" type="stmt"/>
        <line num="93" count="14" type="stmt"/>
        <line num="94" count="14" type="stmt"/>
        <line num="96" count="14" type="stmt"/>
        <line num="106" count="14" type="stmt"/>
        <line num="107" count="14" type="stmt"/>
        <line num="108" count="14" type="stmt"/>
        <line num="110" count="0" type="stmt"/>
        <line num="114" count="2" type="stmt"/>
        <line num="115" count="1" type="stmt"/>
        <line num="116" count="1" type="stmt"/>
        <line num="117" count="1" type="stmt"/>
        <line num="119" count="1" type="stmt"/>
        <line num="120" count="1" type="cond" truecount="3" falsecount="1"/>
        <line num="124" count="1" type="cond" truecount="3" falsecount="1"/>
        <line num="125" count="1" type="cond" truecount="1" falsecount="1"/>
        <line num="127" count="1" type="stmt"/>
        <line num="129" count="1" type="stmt"/>
        <line num="130" count="1" type="stmt"/>
        <line num="132" count="0" type="stmt"/>
        <line num="135" count="1" type="cond" truecount="1" falsecount="1"/>
        <line num="139" count="1" type="cond" truecount="1" falsecount="1"/>
        <line num="143" count="1" type="stmt"/>
        <line num="144" count="1" type="stmt"/>
        <line num="145" count="1" type="stmt"/>
        <line num="147" count="1" type="stmt"/>
        <line num="148" count="1" type="stmt"/>
        <line num="149" count="1" type="stmt"/>
        <line num="151" count="0" type="stmt"/>
        <line num="155" count="2" type="stmt"/>
        <line num="156" count="0" type="stmt"/>
        <line num="158" count="0" type="stmt"/>
        <line num="160" count="0" type="stmt"/>
        <line num="162" count="0" type="stmt"/>
        <line num="163" count="0" type="stmt"/>
        <line num="165" count="0" type="stmt"/>
        <line num="168" count="0" type="cond" truecount="0" falsecount="2"/>
        <line num="170" count="0" type="stmt"/>
        <line num="171" count="0" type="stmt"/>
        <line num="172" count="0" type="stmt"/>
        <line num="173" count="0" type="stmt"/>
        <line num="176" count="0" type="stmt"/>
        <line num="177" count="0" type="stmt"/>
        <line num="178" count="0" type="stmt"/>
        <line num="180" count="0" type="stmt"/>
        <line num="184" count="2" type="stmt"/>
      </file>
      <file name="taskRoutes.js" path="/home/darkenmax06/Documentos/beta app/BETA-API/routes/taskRoutes.js">
        <metrics statements="71" coveredstatements="15" conditionals="20" coveredconditionals="0" methods="7" coveredmethods="0"/>
        <line num="1" count="2" type="stmt"/>
        <line num="2" count="2" type="stmt"/>
        <line num="3" count="2" type="stmt"/>
        <line num="4" count="2" type="stmt"/>
        <line num="5" count="2" type="stmt"/>
        <line num="6" count="2" type="stmt"/>
        <line num="8" count="2" type="stmt"/>
        <line num="9" count="2" type="stmt"/>
        <line num="10" count="2" type="stmt"/>
        <line num="12" count="2" type="stmt"/>
        <line num="14" count="0" type="stmt"/>
        <line num="20" count="2" type="stmt"/>
        <line num="27" count="0" type="stmt"/>
        <line num="28" count="0" type="stmt"/>
        <line num="29" count="0" type="stmt"/>
        <line num="31" count="0" type="cond" truecount="0" falsecount="4"/>
        <line num="32" count="0" type="stmt"/>
        <line num="39" count="2" type="stmt"/>
        <line num="40" count="0" type="stmt"/>
        <line num="41" count="0" type="stmt"/>
        <line num="44" count="2" type="stmt"/>
        <line num="45" count="0" type="stmt"/>
        <line num="46" count="0" type="stmt"/>
        <line num="47" count="0" type="stmt"/>
        <line num="48" count="0" type="stmt"/>
        <line num="50" count="0" type="cond" truecount="0" falsecount="4"/>
        <line num="51" count="0" type="cond" truecount="0" falsecount="2"/>
        <line num="53" count="0" type="stmt"/>
        <line num="55" count="0" type="stmt"/>
        <line num="56" count="0" type="stmt"/>
        <line num="58" count="0" type="stmt"/>
        <line num="61" count="0" type="cond" truecount="0" falsecount="2"/>
        <line num="63" count="0" type="stmt"/>
        <line num="65" count="0" type="stmt"/>
        <line num="66" count="0" type="stmt"/>
        <line num="68" count="0" type="stmt"/>
        <line num="70" count="0" type="cond" truecount="0" falsecount="2"/>
        <line num="73" count="0" type="cond" truecount="0" falsecount="2"/>
        <line num="75" count="0" type="stmt"/>
        <line num="82" count="0" type="stmt"/>
        <line num="83" count="0" type="stmt"/>
        <line num="85" count="0" type="stmt"/>
        <line num="88" count="0" type="stmt"/>
        <line num="90" count="0" type="stmt"/>
        <line num="91" count="0" type="stmt"/>
        <line num="93" count="0" type="stmt"/>
        <line num="96" count="0" type="stmt"/>
        <line num="99" count="2" type="stmt"/>
        <line num="100" count="0" type="stmt"/>
        <line num="102" count="0" type="stmt"/>
        <line num="104" count="0" type="stmt"/>
        <line num="105" count="0" type="stmt"/>
        <line num="107" count="0" type="stmt"/>
        <line num="110" count="0" type="cond" truecount="0" falsecount="2"/>
        <line num="111" count="0" type="stmt"/>
        <line num="113" count="0" type="stmt"/>
        <line num="114" count="0" type="stmt"/>
        <line num="116" count="0" type="stmt"/>
        <line num="119" count="0" type="stmt"/>
        <line num="121" count="0" type="stmt"/>
        <line num="122" count="0" type="stmt"/>
        <line num="124" count="0" type="stmt"/>
        <line num="127" count="0" type="cond" truecount="0" falsecount="2"/>
        <line num="128" count="0" type="stmt"/>
        <line num="129" count="0" type="stmt"/>
        <line num="131" count="0" type="stmt"/>
        <line num="136" count="0" type="stmt"/>
        <line num="137" count="0" type="stmt"/>
        <line num="139" count="0" type="stmt"/>
        <line num="142" count="0" type="stmt"/>
        <line num="145" count="2" type="stmt"/>
      </file>
      <file name="teacherRoutes.js" path="/home/darkenmax06/Documentos/beta app/BETA-API/routes/teacherRoutes.js">
        <metrics statements="83" coveredstatements="55" conditionals="45" coveredconditionals="29" methods="7" coveredmethods="4"/>
        <line num="1" count="2" type="stmt"/>
        <line num="2" count="2" type="stmt"/>
        <line num="3" count="2" type="stmt"/>
        <line num="4" count="2" type="stmt"/>
        <line num="5" count="2" type="stmt"/>
        <line num="6" count="2" type="stmt"/>
        <line num="7" count="2" type="stmt"/>
        <line num="10" count="2" type="stmt"/>
        <line num="11" count="1" type="stmt"/>
        <line num="12" count="1" type="stmt"/>
        <line num="15" count="2" type="stmt"/>
        <line num="16" count="3" type="stmt"/>
        <line num="17" count="3" type="stmt"/>
        <line num="18" count="3" type="stmt"/>
        <line num="20" count="3" type="cond" truecount="3" falsecount="1"/>
        <line num="21" count="3" type="cond" truecount="1" falsecount="1"/>
        <line num="23" count="3" type="stmt"/>
        <line num="25" count="3" type="stmt"/>
        <line num="26" count="3" type="stmt"/>
        <line num="28" count="0" type="stmt"/>
        <line num="31" count="3" type="cond" truecount="1" falsecount="1"/>
        <line num="32" count="3" type="stmt"/>
        <line num="36" count="2" type="stmt"/>
        <line num="37" count="0" type="stmt"/>
        <line num="38" count="0" type="stmt"/>
        <line num="39" count="0" type="stmt"/>
        <line num="41" count="0" type="cond" truecount="0" falsecount="4"/>
        <line num="42" count="0" type="cond" truecount="0" falsecount="2"/>
        <line num="44" count="0" type="stmt"/>
        <line num="46" count="0" type="stmt"/>
        <line num="47" count="0" type="stmt"/>
        <line num="49" count="0" type="stmt"/>
        <line num="52" count="0" type="cond" truecount="0" falsecount="2"/>
        <line num="54" count="0" type="stmt"/>
        <line num="58" count="2" type="stmt"/>
        <line num="59" count="5" type="stmt"/>
        <line num="61" count="5" type="cond" truecount="2" falsecount="0"/>
        <line num="67" count="1" type="stmt"/>
        <line num="70" count="4" type="stmt"/>
        <line num="71" count="4" type="cond" truecount="2" falsecount="0"/>
        <line num="73" count="3" type="stmt"/>
        <line num="74" count="3" type="stmt"/>
        <line num="75" count="3" type="stmt"/>
        <line num="77" count="3" type="stmt"/>
        <line num="87" count="3" type="stmt"/>
        <line num="88" count="3" type="stmt"/>
        <line num="89" count="3" type="stmt"/>
        <line num="91" count="0" type="stmt"/>
        <line num="95" count="2" type="stmt"/>
        <line num="96" count="1" type="stmt"/>
        <line num="97" count="1" type="stmt"/>
        <line num="98" count="1" type="stmt"/>
        <line num="100" count="1" type="cond" truecount="3" falsecount="1"/>
        <line num="104" count="1" type="cond" truecount="3" falsecount="1"/>
        <line num="105" count="1" type="cond" truecount="1" falsecount="1"/>
        <line num="107" count="1" type="stmt"/>
        <line num="108" count="1" type="stmt"/>
        <line num="109" count="1" type="stmt"/>
        <line num="111" count="0" type="stmt"/>
        <line num="114" count="1" type="cond" truecount="1" falsecount="1"/>
        <line num="118" count="1" type="cond" truecount="1" falsecount="1"/>
        <line num="122" count="1" type="stmt"/>
        <line num="123" count="1" type="stmt"/>
        <line num="124" count="1" type="stmt"/>
        <line num="126" count="1" type="stmt"/>
        <line num="127" count="1" type="stmt"/>
        <line num="128" count="1" type="stmt"/>
        <line num="130" count="0" type="stmt"/>
        <line num="131" count="0" type="stmt"/>
        <line num="135" count="2" type="stmt"/>
        <line num="136" count="0" type="stmt"/>
        <line num="138" count="0" type="stmt"/>
        <line num="139" count="0" type="stmt"/>
        <line num="141" count="0" type="stmt"/>
        <line num="142" count="0" type="stmt"/>
        <line num="143" count="0" type="stmt"/>
        <line num="144" count="0" type="stmt"/>
        <line num="145" count="0" type="stmt"/>
        <line num="148" count="0" type="stmt"/>
        <line num="149" count="0" type="stmt"/>
        <line num="151" count="0" type="stmt"/>
        <line num="152" count="0" type="stmt"/>
        <line num="157" count="2" type="stmt"/>
      </file>
    </package>
    <package name="BETA-API.test.helpers">
      <metrics statements="21" coveredstatements="21" conditionals="0" coveredconditionals="0" methods="2" coveredmethods="2"/>
      <file name="helpers.js" path="/home/darkenmax06/Documentos/beta app/BETA-API/test/helpers/helpers.js">
        <metrics statements="21" coveredstatements="21" conditionals="0" coveredconditionals="0" methods="2" coveredmethods="2"/>
        <line num="1" count="2" type="stmt"/>
        <line num="2" count="2" type="stmt"/>
        <line num="4" count="2" type="stmt"/>
        <line num="6" count="2" type="stmt"/>
        <line num="17" count="2" type="stmt"/>
        <line num="63" count="2" type="stmt"/>
        <line num="79" count="2" type="stmt"/>
        <line num="80" count="15" type="stmt"/>
        <line num="81" count="15" type="stmt"/>
        <line num="86" count="15" type="stmt"/>
        <line num="89" count="15" type="stmt"/>
        <line num="91" count="15" type="stmt"/>
        <line num="93" count="15" type="stmt"/>
        <line num="96" count="2" type="stmt"/>
        <line num="97" count="4" type="stmt"/>
        <line num="98" count="4" type="stmt"/>
        <line num="103" count="4" type="stmt"/>
        <line num="106" count="4" type="stmt"/>
        <line num="108" count="4" type="stmt"/>
        <line num="110" count="4" type="stmt"/>
        <line num="115" count="2" type="stmt"/>
      </file>
    </package>
    <package name="BETA-API.utils">
      <metrics statements="14" coveredstatements="14" conditionals="4" coveredconditionals="3" methods="2" coveredmethods="2"/>
      <file name="decodeToken.js" path="/home/darkenmax06/Documentos/beta app/BETA-API/utils/decodeToken.js">
        <metrics statements="9" coveredstatements="9" conditionals="4" coveredconditionals="3" methods="1" coveredmethods="1"/>
        <line num="2" count="2" type="stmt"/>
        <line num="5" count="25" type="stmt"/>
        <line num="7" count="25" type="cond" truecount="3" falsecount="1"/>
        <line num="8" count="25" type="stmt"/>
        <line num="11" count="25" type="stmt"/>
        <line num="13" count="25" type="stmt"/>
        <line num="14" count="25" type="stmt"/>
        <line num="18" count="25" type="stmt"/>
        <line num="22" count="2" type="stmt"/>
      </file>
      <file name="generateID.js" path="/home/darkenmax06/Documentos/beta app/BETA-API/utils/generateID.js">
        <metrics statements="5" coveredstatements="5" conditionals="0" coveredconditionals="0" methods="1" coveredmethods="1"/>
        <line num="2" count="17" type="stmt"/>
        <line num="3" count="17" type="stmt"/>
        <line num="4" count="85" type="stmt"/>
        <line num="7" count="17" type="stmt"/>
        <line num="10" count="2" type="stmt"/>
      </file>
    </package>
  </project>
</coverage>
