{"/home/darkenmax06/Documentos/beta app/BETA-API/errorHandler.js": {"path":"/home/darkenmax06/Documentos/beta app/BETA-API/errorHandler.js","statementMap":{"0":{"start":{"line":2,"column":2},"end":{"line":2,"column":25}},"1":{"start":{"line":3,"column":2},"end":{"line":3,"column":43}},"2":{"start":{"line":4,"column":2},"end":{"line":4,"column":20}},"3":{"start":{"line":6,"column":17},"end":{"line":30,"column":3}},"4":{"start":{"line":11,"column":26},"end":{"line":11,"column":123}},"5":{"start":{"line":12,"column":23},"end":{"line":12,"column":115}},"6":{"start":{"line":13,"column":22},"end":{"line":13,"column":132}},"7":{"start":{"line":15,"column":28},"end":{"line":15,"column":159}},"8":{"start":{"line":16,"column":34},"end":{"line":16,"column":157}},"9":{"start":{"line":17,"column":25},"end":{"line":17,"column":109}},"10":{"start":{"line":18,"column":28},"end":{"line":18,"column":88}},"11":{"start":{"line":19,"column":24},"end":{"line":19,"column":110}},"12":{"start":{"line":20,"column":22},"end":{"line":20,"column":89}},"13":{"start":{"line":21,"column":24},"end":{"line":21,"column":105}},"14":{"start":{"line":22,"column":25},"end":{"line":22,"column":94}},"15":{"start":{"line":23,"column":23},"end":{"line":23,"column":105}},"16":{"start":{"line":26,"column":23},"end":{"line":26,"column":117}},"17":{"start":{"line":28,"column":21},"end":{"line":28,"column":237}},"18":{"start":{"line":29,"column":25},"end":{"line":29,"column":40}},"19":{"start":{"line":32,"column":2},"end":{"line":34,"column":31}},"20":{"start":{"line":37,"column":0},"end":{"line":37,"column":29}}},"fnMap":{"0":{"name":"errorHandler","decl":{"start":{"line":1,"column":9},"end":{"line":1,"column":21}},"loc":{"start":{"line":1,"column":42},"end":{"line":35,"column":1}},"line":1},"1":{"name":"(anonymous_1)","decl":{"start":{"line":11,"column":20},"end":{"line":11,"column":21}},"loc":{"start":{"line":11,"column":26},"end":{"line":11,"column":123}},"line":11},"2":{"name":"(anonymous_2)","decl":{"start":{"line":12,"column":17},"end":{"line":12,"column":18}},"loc":{"start":{"line":12,"column":23},"end":{"line":12,"column":115}},"line":12},"3":{"name":"(anonymous_3)","decl":{"start":{"line":13,"column":16},"end":{"line":13,"column":17}},"loc":{"start":{"line":13,"column":22},"end":{"line":13,"column":132}},"line":13},"4":{"name":"(anonymous_4)","decl":{"start":{"line":15,"column":22},"end":{"line":15,"column":23}},"loc":{"start":{"line":15,"column":28},"end":{"line":15,"column":159}},"line":15},"5":{"name":"(anonymous_5)","decl":{"start":{"line":16,"column":28},"end":{"line":16,"column":29}},"loc":{"start":{"line":16,"column":34},"end":{"line":16,"column":157}},"line":16},"6":{"name":"(anonymous_6)","decl":{"start":{"line":17,"column":19},"end":{"line":17,"column":20}},"loc":{"start":{"line":17,"column":25},"end":{"line":17,"column":109}},"line":17},"7":{"name":"(anonymous_7)","decl":{"start":{"line":18,"column":22},"end":{"line":18,"column":23}},"loc":{"start":{"line":18,"column":28},"end":{"line":18,"column":88}},"line":18},"8":{"name":"(anonymous_8)","decl":{"start":{"line":19,"column":18},"end":{"line":19,"column":19}},"loc":{"start":{"line":19,"column":24},"end":{"line":19,"column":110}},"line":19},"9":{"name":"(anonymous_9)","decl":{"start":{"line":20,"column":16},"end":{"line":20,"column":17}},"loc":{"start":{"line":20,"column":22},"end":{"line":20,"column":89}},"line":20},"10":{"name":"(anonymous_10)","decl":{"start":{"line":21,"column":18},"end":{"line":21,"column":19}},"loc":{"start":{"line":21,"column":24},"end":{"line":21,"column":105}},"line":21},"11":{"name":"(anonymous_11)","decl":{"start":{"line":22,"column":19},"end":{"line":22,"column":20}},"loc":{"start":{"line":22,"column":25},"end":{"line":22,"column":94}},"line":22},"12":{"name":"(anonymous_12)","decl":{"start":{"line":23,"column":17},"end":{"line":23,"column":18}},"loc":{"start":{"line":23,"column":23},"end":{"line":23,"column":105}},"line":23},"13":{"name":"(anonymous_13)","decl":{"start":{"line":26,"column":17},"end":{"line":26,"column":18}},"loc":{"start":{"line":26,"column":23},"end":{"line":26,"column":117}},"line":26},"14":{"name":"(anonymous_14)","decl":{"start":{"line":28,"column":15},"end":{"line":28,"column":16}},"loc":{"start":{"line":28,"column":21},"end":{"line":28,"column":237}},"line":28},"15":{"name":"(anonymous_15)","decl":{"start":{"line":29,"column":19},"end":{"line":29,"column":20}},"loc":{"start":{"line":29,"column":25},"end":{"line":29,"column":40}},"line":29}},"branchMap":{"0":{"loc":{"start":{"line":32,"column":9},"end":{"line":34,"column":31}},"type":"cond-expr","locations":[{"start":{"line":33,"column":6},"end":{"line":33,"column":26}},{"start":{"line":34,"column":6},"end":{"line":34,"column":31}}],"line":32}},"s":{"0":13,"1":13,"2":13,"3":13,"4":0,"5":0,"6":6,"7":0,"8":0,"9":0,"10":0,"11":0,"12":1,"13":0,"14":2,"15":0,"16":4,"17":0,"18":0,"19":13,"20":2},"f":{"0":13,"1":0,"2":0,"3":6,"4":0,"5":0,"6":0,"7":0,"8":0,"9":1,"10":0,"11":2,"12":0,"13":4,"14":0,"15":0},"b":{"0":[13,0]},"_coverageSchema":"1a1c01bbd47fc00a2c39e90264f33305004495a9","hash":"3ef5cbeb659a7bdabf76d55f2ab6b3d7a2deed2d"}
,"/home/darkenmax06/Documentos/beta app/BETA-API/index.js": {"path":"/home/darkenmax06/Documentos/beta app/BETA-API/index.js","statementMap":{"0":{"start":{"line":1,"column":0},"end":{"line":1,"column":26}},"1":{"start":{"line":2,"column":0},"end":{"line":2,"column":20}},"2":{"start":{"line":3,"column":16},"end":{"line":3,"column":34}},"3":{"start":{"line":4,"column":12},"end":{"line":4,"column":21}},"4":{"start":{"line":5,"column":13},"end":{"line":5,"column":28}},"5":{"start":{"line":6,"column":13},"end":{"line":6,"column":28}},"6":{"start":{"line":8,"column":14},"end":{"line":8,"column":39}},"7":{"start":{"line":9,"column":22},"end":{"line":9,"column":55}},"8":{"start":{"line":10,"column":24},"end":{"line":10,"column":59}},"9":{"start":{"line":11,"column":28},"end":{"line":11,"column":67}},"10":{"start":{"line":12,"column":22},"end":{"line":12,"column":55}},"11":{"start":{"line":13,"column":24},"end":{"line":13,"column":59}},"12":{"start":{"line":14,"column":19},"end":{"line":14,"column":49}},"13":{"start":{"line":15,"column":20},"end":{"line":15,"column":51}},"14":{"start":{"line":17,"column":21},"end":{"line":17,"column":46}},"15":{"start":{"line":49,"column":0},"end":{"line":49,"column":15}},"16":{"start":{"line":51,"column":0},"end":{"line":51,"column":23}},"17":{"start":{"line":53,"column":0},"end":{"line":58,"column":2}},"18":{"start":{"line":54,"column":2},"end":{"line":54,"column":51}},"19":{"start":{"line":55,"column":2},"end":{"line":55,"column":23}},"20":{"start":{"line":56,"column":2},"end":{"line":56,"column":23}},"21":{"start":{"line":57,"column":2},"end":{"line":57,"column":8}},"22":{"start":{"line":61,"column":0},"end":{"line":61,"column":52}},"23":{"start":{"line":62,"column":0},"end":{"line":62,"column":44}},"24":{"start":{"line":63,"column":0},"end":{"line":63,"column":28}},"25":{"start":{"line":64,"column":0},"end":{"line":64,"column":44}},"26":{"start":{"line":73,"column":0},"end":{"line":73,"column":38}},"27":{"start":{"line":74,"column":0},"end":{"line":74,"column":34}},"28":{"start":{"line":75,"column":0},"end":{"line":75,"column":38}},"29":{"start":{"line":76,"column":0},"end":{"line":76,"column":42}},"30":{"start":{"line":77,"column":0},"end":{"line":77,"column":50}},"31":{"start":{"line":78,"column":0},"end":{"line":78,"column":41}},"32":{"start":{"line":79,"column":0},"end":{"line":79,"column":32}},"33":{"start":{"line":83,"column":0},"end":{"line":85,"column":2}},"34":{"start":{"line":84,"column":2},"end":{"line":84,"column":45}},"35":{"start":{"line":87,"column":0},"end":{"line":87,"column":21}},"36":{"start":{"line":91,"column":13},"end":{"line":91,"column":37}},"37":{"start":{"line":93,"column":15},"end":{"line":95,"column":2}},"38":{"start":{"line":94,"column":2},"end":{"line":94,"column":38}},"39":{"start":{"line":97,"column":0},"end":{"line":97,"column":32}}},"fnMap":{"0":{"name":"(anonymous_0)","decl":{"start":{"line":53,"column":8},"end":{"line":53,"column":9}},"loc":{"start":{"line":53,"column":28},"end":{"line":58,"column":1}},"line":53},"1":{"name":"(anonymous_1)","decl":{"start":{"line":83,"column":8},"end":{"line":83,"column":9}},"loc":{"start":{"line":83,"column":22},"end":{"line":85,"column":1}},"line":83},"2":{"name":"(anonymous_2)","decl":{"start":{"line":93,"column":32},"end":{"line":93,"column":33}},"loc":{"start":{"line":93,"column":38},"end":{"line":95,"column":1}},"line":93}},"branchMap":{"0":{"loc":{"start":{"line":91,"column":13},"end":{"line":91,"column":37}},"type":"binary-expr","locations":[{"start":{"line":91,"column":13},"end":{"line":91,"column":29}},{"start":{"line":91,"column":33},"end":{"line":91,"column":37}}],"line":91}},"s":{"0":2,"1":2,"2":2,"3":2,"4":2,"5":2,"6":2,"7":2,"8":2,"9":2,"10":2,"11":2,"12":2,"13":2,"14":2,"15":2,"16":2,"17":2,"18":95,"19":95,"20":95,"21":95,"22":2,"23":2,"24":2,"25":2,"26":2,"27":2,"28":2,"29":2,"30":2,"31":2,"32":2,"33":2,"34":0,"35":2,"36":2,"37":2,"38":2,"39":2},"f":{"0":95,"1":0,"2":2},"b":{"0":[2,0]},"_coverageSchema":"1a1c01bbd47fc00a2c39e90264f33305004495a9","hash":"2b15d143bbecb3711f662a13db93216ed937efd6"}
,"/home/darkenmax06/Documentos/beta app/BETA-API/mongodb.js": {"path":"/home/darkenmax06/Documentos/beta app/BETA-API/mongodb.js","statementMap":{"0":{"start":{"line":1,"column":17},"end":{"line":1,"column":36}},"1":{"start":{"line":3,"column":12},"end":{"line":5,"column":27}},"2":{"start":{"line":7,"column":16},"end":{"line":10,"column":1}},"3":{"start":{"line":12,"column":0},"end":{"line":14,"column":32}},"4":{"start":{"line":13,"column":14},"end":{"line":13,"column":47}},"5":{"start":{"line":14,"column":15},"end":{"line":14,"column":31}}},"fnMap":{"0":{"name":"(anonymous_0)","decl":{"start":{"line":13,"column":8},"end":{"line":13,"column":9}},"loc":{"start":{"line":13,"column":14},"end":{"line":13,"column":47}},"line":13},"1":{"name":"(anonymous_1)","decl":{"start":{"line":14,"column":9},"end":{"line":14,"column":10}},"loc":{"start":{"line":14,"column":15},"end":{"line":14,"column":31}},"line":14}},"branchMap":{"0":{"loc":{"start":{"line":3,"column":12},"end":{"line":5,"column":27}},"type":"cond-expr","locations":[{"start":{"line":4,"column":4},"end":{"line":4,"column":32}},{"start":{"line":5,"column":4},"end":{"line":5,"column":27}}],"line":3}},"s":{"0":2,"1":2,"2":2,"3":2,"4":2,"5":0},"f":{"0":2,"1":0},"b":{"0":[2,0]},"_coverageSchema":"1a1c01bbd47fc00a2c39e90264f33305004495a9","hash":"5fe373b9b5a7fce09f64a801d7020cde96840736"}
,"/home/darkenmax06/Documentos/beta app/BETA-API/models/Announcements.js": {"path":"/home/darkenmax06/Documentos/beta app/BETA-API/models/Announcements.js","statementMap":{"0":{"start":{"line":1,"column":26},"end":{"line":1,"column":45}},"1":{"start":{"line":3,"column":15},"end":{"line":18,"column":2}},"2":{"start":{"line":20,"column":0},"end":{"line":30,"column":2}},"3":{"start":{"line":21,"column":2},"end":{"line":27,"column":5}},"4":{"start":{"line":29,"column":2},"end":{"line":29,"column":8}},"5":{"start":{"line":32,"column":0},"end":{"line":42,"column":2}},"6":{"start":{"line":33,"column":2},"end":{"line":39,"column":5}},"7":{"start":{"line":41,"column":2},"end":{"line":41,"column":8}},"8":{"start":{"line":44,"column":0},"end":{"line":50,"column":2}},"9":{"start":{"line":46,"column":4},"end":{"line":46,"column":42}},"10":{"start":{"line":47,"column":4},"end":{"line":47,"column":29}},"11":{"start":{"line":48,"column":4},"end":{"line":48,"column":29}},"12":{"start":{"line":52,"column":0},"end":{"line":52,"column":46}}},"fnMap":{"0":{"name":"(anonymous_0)","decl":{"start":{"line":20,"column":19},"end":{"line":20,"column":20}},"loc":{"start":{"line":20,"column":35},"end":{"line":30,"column":1}},"line":20},"1":{"name":"(anonymous_1)","decl":{"start":{"line":32,"column":19},"end":{"line":32,"column":20}},"loc":{"start":{"line":32,"column":35},"end":{"line":42,"column":1}},"line":32},"2":{"name":"(anonymous_2)","decl":{"start":{"line":45,"column":13},"end":{"line":45,"column":14}},"loc":{"start":{"line":45,"column":43},"end":{"line":49,"column":3}},"line":45}},"branchMap":{},"s":{"0":2,"1":2,"2":2,"3":6,"4":6,"5":2,"6":2,"7":2,"8":2,"9":3,"10":3,"11":3,"12":2},"f":{"0":6,"1":2,"2":3},"b":{},"_coverageSchema":"1a1c01bbd47fc00a2c39e90264f33305004495a9","hash":"9688e0aa7e9d12a7d0e3977cfd7e2b46b9be64ab"}
,"/home/darkenmax06/Documentos/beta app/BETA-API/models/ClassRoom.js": {"path":"/home/darkenmax06/Documentos/beta app/BETA-API/models/ClassRoom.js","statementMap":{"0":{"start":{"line":1,"column":26},"end":{"line":1,"column":45}},"1":{"start":{"line":3,"column":24},"end":{"line":28,"column":2}},"2":{"start":{"line":51,"column":0},"end":{"line":57,"column":2}},"3":{"start":{"line":53,"column":4},"end":{"line":53,"column":42}},"4":{"start":{"line":54,"column":4},"end":{"line":54,"column":29}},"5":{"start":{"line":55,"column":4},"end":{"line":55,"column":29}},"6":{"start":{"line":59,"column":18},"end":{"line":59,"column":53}},"7":{"start":{"line":63,"column":0},"end":{"line":63,"column":26}}},"fnMap":{"0":{"name":"(anonymous_0)","decl":{"start":{"line":52,"column":13},"end":{"line":52,"column":14}},"loc":{"start":{"line":52,"column":43},"end":{"line":56,"column":3}},"line":52}},"branchMap":{},"s":{"0":2,"1":2,"2":2,"3":24,"4":24,"5":24,"6":2,"7":2},"f":{"0":24},"b":{},"_coverageSchema":"1a1c01bbd47fc00a2c39e90264f33305004495a9","hash":"39a4dacb2d7c59a72766099f7c09e197d4df1a97"}
,"/home/darkenmax06/Documentos/beta app/BETA-API/models/Homework.js": {"path":"/home/darkenmax06/Documentos/beta app/BETA-API/models/Homework.js","statementMap":{"0":{"start":{"line":1,"column":26},"end":{"line":1,"column":45}},"1":{"start":{"line":3,"column":15},"end":{"line":23,"column":2}},"2":{"start":{"line":32,"column":0},"end":{"line":38,"column":2}},"3":{"start":{"line":34,"column":4},"end":{"line":34,"column":42}},"4":{"start":{"line":35,"column":4},"end":{"line":35,"column":29}},"5":{"start":{"line":36,"column":4},"end":{"line":36,"column":29}},"6":{"start":{"line":40,"column":0},"end":{"line":40,"column":42}}},"fnMap":{"0":{"name":"(anonymous_0)","decl":{"start":{"line":33,"column":13},"end":{"line":33,"column":14}},"loc":{"start":{"line":33,"column":41},"end":{"line":37,"column":3}},"line":33}},"branchMap":{},"s":{"0":2,"1":2,"2":2,"3":3,"4":3,"5":3,"6":2},"f":{"0":3},"b":{},"_coverageSchema":"1a1c01bbd47fc00a2c39e90264f33305004495a9","hash":"9c29187386297dac4dea2c8b9acef2c31bdeea57"}
,"/home/darkenmax06/Documentos/beta app/BETA-API/models/Score.js": {"path":"/home/darkenmax06/Documentos/beta app/BETA-API/models/Score.js","statementMap":{"0":{"start":{"line":1,"column":26},"end":{"line":1,"column":45}},"1":{"start":{"line":3,"column":20},"end":{"line":15,"column":2}},"2":{"start":{"line":17,"column":0},"end":{"line":23,"column":2}},"3":{"start":{"line":19,"column":4},"end":{"line":19,"column":42}},"4":{"start":{"line":20,"column":4},"end":{"line":20,"column":29}},"5":{"start":{"line":21,"column":4},"end":{"line":21,"column":29}},"6":{"start":{"line":25,"column":14},"end":{"line":25,"column":41}},"7":{"start":{"line":28,"column":0},"end":{"line":28,"column":22}}},"fnMap":{"0":{"name":"(anonymous_0)","decl":{"start":{"line":18,"column":13},"end":{"line":18,"column":14}},"loc":{"start":{"line":18,"column":41},"end":{"line":22,"column":3}},"line":18}},"branchMap":{},"s":{"0":2,"1":2,"2":2,"3":3,"4":3,"5":3,"6":2,"7":2},"f":{"0":3},"b":{},"_coverageSchema":"1a1c01bbd47fc00a2c39e90264f33305004495a9","hash":"c0f1e9db6f7ff914c36928f0cf78d924ddecdffb"}
,"/home/darkenmax06/Documentos/beta app/BETA-API/models/Student.js": {"path":"/home/darkenmax06/Documentos/beta app/BETA-API/models/Student.js","statementMap":{"0":{"start":{"line":1,"column":26},"end":{"line":1,"column":45}},"1":{"start":{"line":3,"column":22},"end":{"line":32,"column":2}},"2":{"start":{"line":34,"column":0},"end":{"line":40,"column":2}},"3":{"start":{"line":36,"column":4},"end":{"line":36,"column":29}},"4":{"start":{"line":37,"column":4},"end":{"line":37,"column":29}},"5":{"start":{"line":38,"column":4},"end":{"line":38,"column":34}},"6":{"start":{"line":42,"column":16},"end":{"line":42,"column":47}},"7":{"start":{"line":46,"column":0},"end":{"line":46,"column":24}}},"fnMap":{"0":{"name":"(anonymous_0)","decl":{"start":{"line":35,"column":13},"end":{"line":35,"column":14}},"loc":{"start":{"line":35,"column":41},"end":{"line":39,"column":3}},"line":35}},"branchMap":{},"s":{"0":2,"1":2,"2":2,"3":58,"4":58,"5":58,"6":2,"7":2},"f":{"0":58},"b":{},"_coverageSchema":"1a1c01bbd47fc00a2c39e90264f33305004495a9","hash":"e02787cadecd191df4b9cb2a67c4e515e9766c67"}
,"/home/darkenmax06/Documentos/beta app/BETA-API/models/Task.js": {"path":"/home/darkenmax06/Documentos/beta app/BETA-API/models/Task.js","statementMap":{"0":{"start":{"line":1,"column":26},"end":{"line":1,"column":45}},"1":{"start":{"line":3,"column":15},"end":{"line":14,"column":2}},"2":{"start":{"line":17,"column":0},"end":{"line":23,"column":2}},"3":{"start":{"line":19,"column":4},"end":{"line":19,"column":42}},"4":{"start":{"line":20,"column":4},"end":{"line":20,"column":29}},"5":{"start":{"line":21,"column":4},"end":{"line":21,"column":29}},"6":{"start":{"line":25,"column":0},"end":{"line":25,"column":38}}},"fnMap":{"0":{"name":"(anonymous_0)","decl":{"start":{"line":18,"column":13},"end":{"line":18,"column":14}},"loc":{"start":{"line":18,"column":41},"end":{"line":22,"column":3}},"line":18}},"branchMap":{},"s":{"0":2,"1":2,"2":2,"3":0,"4":0,"5":0,"6":2},"f":{"0":0},"b":{},"_coverageSchema":"1a1c01bbd47fc00a2c39e90264f33305004495a9","hash":"51a2290636e90e0cc61364b38a97cd1d549c39af"}
,"/home/darkenmax06/Documentos/beta app/BETA-API/models/Teacher.js": {"path":"/home/darkenmax06/Documentos/beta app/BETA-API/models/Teacher.js","statementMap":{"0":{"start":{"line":1,"column":26},"end":{"line":1,"column":45}},"1":{"start":{"line":3,"column":22},"end":{"line":23,"column":2}},"2":{"start":{"line":25,"column":0},"end":{"line":31,"column":2}},"3":{"start":{"line":27,"column":4},"end":{"line":27,"column":29}},"4":{"start":{"line":28,"column":4},"end":{"line":28,"column":29}},"5":{"start":{"line":29,"column":4},"end":{"line":29,"column":34}},"6":{"start":{"line":33,"column":16},"end":{"line":33,"column":47}},"7":{"start":{"line":37,"column":0},"end":{"line":37,"column":24}}},"fnMap":{"0":{"name":"(anonymous_0)","decl":{"start":{"line":26,"column":13},"end":{"line":26,"column":14}},"loc":{"start":{"line":26,"column":43},"end":{"line":30,"column":3}},"line":26}},"branchMap":{},"s":{"0":2,"1":2,"2":2,"3":37,"4":37,"5":37,"6":2,"7":2},"f":{"0":37},"b":{},"_coverageSchema":"1a1c01bbd47fc00a2c39e90264f33305004495a9","hash":"d5091c1a37c469991f133ce16a67f63de5db10ab"}
,"/home/darkenmax06/Documentos/beta app/BETA-API/routes/announcementsRoutes.js": {"path":"/home/darkenmax06/Documentos/beta app/BETA-API/routes/announcementsRoutes.js","statementMap":{"0":{"start":{"line":1,"column":15},"end":{"line":1,"column":42}},"1":{"start":{"line":2,"column":22},"end":{"line":2,"column":56}},"2":{"start":{"line":3,"column":20},"end":{"line":3,"column":51}},"3":{"start":{"line":4,"column":18},"end":{"line":4,"column":48}},"4":{"start":{"line":5,"column":16},"end":{"line":5,"column":44}},"5":{"start":{"line":6,"column":15},"end":{"line":6,"column":32}},"6":{"start":{"line":7,"column":13},"end":{"line":7,"column":28}},"7":{"start":{"line":8,"column":19},"end":{"line":8,"column":49}},"8":{"start":{"line":10,"column":0},"end":{"line":13,"column":2}},"9":{"start":{"line":11,"column":18},"end":{"line":11,"column":63}},"10":{"start":{"line":12,"column":2},"end":{"line":12,"column":19}},"11":{"start":{"line":15,"column":0},"end":{"line":31,"column":2}},"12":{"start":{"line":16,"column":17},"end":{"line":16,"column":27}},"13":{"start":{"line":17,"column":16},"end":{"line":17,"column":20}},"14":{"start":{"line":18,"column":2},"end":{"line":28,"column":3}},"15":{"start":{"line":19,"column":4},"end":{"line":25,"column":7}},"16":{"start":{"line":27,"column":4},"end":{"line":27,"column":20}},"17":{"start":{"line":30,"column":2},"end":{"line":30,"column":19}},"18":{"start":{"line":34,"column":16},"end":{"line":40,"column":2}},"19":{"start":{"line":36,"column":4},"end":{"line":36,"column":85}},"20":{"start":{"line":42,"column":15},"end":{"line":59,"column":19}},"21":{"start":{"line":49,"column":22},"end":{"line":49,"column":36}},"22":{"start":{"line":50,"column":21},"end":{"line":50,"column":50}},"23":{"start":{"line":51,"column":20},"end":{"line":51,"column":67}},"24":{"start":{"line":53,"column":4},"end":{"line":53,"column":50}},"25":{"start":{"line":53,"column":29},"end":{"line":53,"column":50}},"26":{"start":{"line":54,"column":4},"end":{"line":57,"column":6}},"27":{"start":{"line":61,"column":0},"end":{"line":138,"column":2}},"28":{"start":{"line":62,"column":33},"end":{"line":62,"column":41}},"29":{"start":{"line":63,"column":28},"end":{"line":63,"column":39}},"30":{"start":{"line":64,"column":2},"end":{"line":64,"column":28}},"31":{"start":{"line":65,"column":19},"end":{"line":65,"column":22}},"32":{"start":{"line":66,"column":16},"end":{"line":66,"column":42}},"33":{"start":{"line":68,"column":2},"end":{"line":68,"column":65}},"34":{"start":{"line":68,"column":27},"end":{"line":68,"column":65}},"35":{"start":{"line":69,"column":2},"end":{"line":69,"column":72}},"36":{"start":{"line":69,"column":36},"end":{"line":69,"column":72}},"37":{"start":{"line":71,"column":2},"end":{"line":71,"column":61}},"38":{"start":{"line":71,"column":26},"end":{"line":71,"column":61}},"39":{"start":{"line":73,"column":16},"end":{"line":73,"column":20}},"40":{"start":{"line":74,"column":2},"end":{"line":78,"column":3}},"41":{"start":{"line":75,"column":4},"end":{"line":75,"column":46}},"42":{"start":{"line":77,"column":4},"end":{"line":77,"column":20}},"43":{"start":{"line":80,"column":2},"end":{"line":80,"column":58}},"44":{"start":{"line":80,"column":23},"end":{"line":80,"column":58}},"45":{"start":{"line":82,"column":17},"end":{"line":82,"column":21}},"46":{"start":{"line":83,"column":18},"end":{"line":83,"column":22}},"47":{"start":{"line":85,"column":2},"end":{"line":98,"column":3}},"48":{"start":{"line":86,"column":4},"end":{"line":86,"column":19}},"49":{"start":{"line":88,"column":4},"end":{"line":92,"column":5}},"50":{"start":{"line":89,"column":6},"end":{"line":89,"column":58}},"51":{"start":{"line":91,"column":6},"end":{"line":91,"column":15}},"52":{"start":{"line":94,"column":4},"end":{"line":94,"column":55}},"53":{"start":{"line":94,"column":20},"end":{"line":94,"column":55}},"54":{"start":{"line":97,"column":4},"end":{"line":97,"column":20}},"55":{"start":{"line":102,"column":19},"end":{"line":102,"column":46}},"56":{"start":{"line":105,"column":21},"end":{"line":113,"column":4}},"57":{"start":{"line":115,"column":2},"end":{"line":119,"column":3}},"58":{"start":{"line":116,"column":4},"end":{"line":116,"column":27}},"59":{"start":{"line":118,"column":4},"end":{"line":118,"column":20}},"60":{"start":{"line":121,"column":2},"end":{"line":128,"column":3}},"61":{"start":{"line":122,"column":4},"end":{"line":122,"column":74}},"62":{"start":{"line":123,"column":4},"end":{"line":127,"column":5}},"63":{"start":{"line":124,"column":6},"end":{"line":124,"column":28}},"64":{"start":{"line":126,"column":6},"end":{"line":126,"column":22}},"65":{"start":{"line":130,"column":2},"end":{"line":135,"column":3}},"66":{"start":{"line":131,"column":4},"end":{"line":131,"column":66}},"67":{"start":{"line":132,"column":4},"end":{"line":132,"column":24}},"68":{"start":{"line":134,"column":4},"end":{"line":134,"column":20}},"69":{"start":{"line":137,"column":2},"end":{"line":137,"column":22}},"70":{"start":{"line":140,"column":0},"end":{"line":189,"column":2}},"71":{"start":{"line":141,"column":17},"end":{"line":141,"column":25}},"72":{"start":{"line":142,"column":28},"end":{"line":142,"column":39}},"73":{"start":{"line":143,"column":16},"end":{"line":143,"column":42}},"74":{"start":{"line":145,"column":2},"end":{"line":145,"column":65}},"75":{"start":{"line":145,"column":27},"end":{"line":145,"column":65}},"76":{"start":{"line":146,"column":2},"end":{"line":146,"column":72}},"77":{"start":{"line":146,"column":36},"end":{"line":146,"column":72}},"78":{"start":{"line":148,"column":16},"end":{"line":148,"column":20}},"79":{"start":{"line":149,"column":2},"end":{"line":150,"column":34}},"80":{"start":{"line":149,"column":8},"end":{"line":149,"column":50}},"81":{"start":{"line":150,"column":16},"end":{"line":150,"column":32}},"82":{"start":{"line":151,"column":2},"end":{"line":151,"column":58}},"83":{"start":{"line":151,"column":23},"end":{"line":151,"column":58}},"84":{"start":{"line":152,"column":2},"end":{"line":152,"column":22}},"85":{"start":{"line":154,"column":16},"end":{"line":154,"column":20}},"86":{"start":{"line":155,"column":2},"end":{"line":156,"column":34}},"87":{"start":{"line":155,"column":8},"end":{"line":155,"column":50}},"88":{"start":{"line":156,"column":16},"end":{"line":156,"column":32}},"89":{"start":{"line":157,"column":2},"end":{"line":157,"column":58}},"90":{"start":{"line":157,"column":23},"end":{"line":157,"column":58}},"91":{"start":{"line":158,"column":2},"end":{"line":158,"column":22}},"92":{"start":{"line":160,"column":18},"end":{"line":160,"column":22}},"93":{"start":{"line":161,"column":2},"end":{"line":172,"column":3}},"94":{"start":{"line":162,"column":4},"end":{"line":162,"column":59}},"95":{"start":{"line":163,"column":4},"end":{"line":163,"column":55}},"96":{"start":{"line":163,"column":20},"end":{"line":163,"column":55}},"97":{"start":{"line":164,"column":4},"end":{"line":165,"column":62}},"98":{"start":{"line":165,"column":21},"end":{"line":165,"column":61}},"99":{"start":{"line":166,"column":4},"end":{"line":166,"column":26}},"100":{"start":{"line":167,"column":4},"end":{"line":171,"column":5}},"101":{"start":{"line":168,"column":6},"end":{"line":168,"column":28}},"102":{"start":{"line":170,"column":6},"end":{"line":170,"column":22}},"103":{"start":{"line":175,"column":2},"end":{"line":176,"column":60}},"104":{"start":{"line":176,"column":19},"end":{"line":176,"column":59}},"105":{"start":{"line":177,"column":2},"end":{"line":181,"column":3}},"106":{"start":{"line":178,"column":4},"end":{"line":178,"column":24}},"107":{"start":{"line":180,"column":4},"end":{"line":180,"column":20}},"108":{"start":{"line":183,"column":2},"end":{"line":188,"column":3}},"109":{"start":{"line":184,"column":4},"end":{"line":184,"column":29}},"110":{"start":{"line":185,"column":4},"end":{"line":185,"column":46}},"111":{"start":{"line":187,"column":4},"end":{"line":187,"column":20}},"112":{"start":{"line":191,"column":0},"end":{"line":191,"column":23}}},"fnMap":{"0":{"name":"(anonymous_0)","decl":{"start":{"line":10,"column":16},"end":{"line":10,"column":17}},"loc":{"start":{"line":10,"column":36},"end":{"line":13,"column":1}},"line":10},"1":{"name":"(anonymous_1)","decl":{"start":{"line":15,"column":19},"end":{"line":15,"column":20}},"loc":{"start":{"line":15,"column":45},"end":{"line":31,"column":1}},"line":15},"2":{"name":"(anonymous_2)","decl":{"start":{"line":35,"column":12},"end":{"line":35,"column":13}},"loc":{"start":{"line":35,"column":31},"end":{"line":37,"column":3}},"line":35},"3":{"name":"(anonymous_3)","decl":{"start":{"line":48,"column":14},"end":{"line":48,"column":15}},"loc":{"start":{"line":48,"column":33},"end":{"line":58,"column":3}},"line":48},"4":{"name":"(anonymous_4)","decl":{"start":{"line":61,"column":25},"end":{"line":61,"column":26}},"loc":{"start":{"line":61,"column":51},"end":{"line":138,"column":1}},"line":61},"5":{"name":"(anonymous_5)","decl":{"start":{"line":140,"column":19},"end":{"line":140,"column":20}},"loc":{"start":{"line":140,"column":45},"end":{"line":189,"column":1}},"line":140},"6":{"name":"(anonymous_6)","decl":{"start":{"line":165,"column":14},"end":{"line":165,"column":15}},"loc":{"start":{"line":165,"column":21},"end":{"line":165,"column":61}},"line":165},"7":{"name":"(anonymous_7)","decl":{"start":{"line":176,"column":12},"end":{"line":176,"column":13}},"loc":{"start":{"line":176,"column":19},"end":{"line":176,"column":59}},"line":176}},"branchMap":{"0":{"loc":{"start":{"line":53,"column":4},"end":{"line":53,"column":50}},"type":"if","locations":[{"start":{"line":53,"column":4},"end":{"line":53,"column":50}},{"start":{},"end":{}}],"line":53},"1":{"loc":{"start":{"line":53,"column":8},"end":{"line":53,"column":27}},"type":"binary-expr","locations":[{"start":{"line":53,"column":8},"end":{"line":53,"column":16}},{"start":{"line":53,"column":20},"end":{"line":53,"column":27}}],"line":53},"2":{"loc":{"start":{"line":68,"column":2},"end":{"line":68,"column":65}},"type":"if","locations":[{"start":{"line":68,"column":2},"end":{"line":68,"column":65}},{"start":{},"end":{}}],"line":68},"3":{"loc":{"start":{"line":68,"column":6},"end":{"line":68,"column":25}},"type":"binary-expr","locations":[{"start":{"line":68,"column":6},"end":{"line":68,"column":12}},{"start":{"line":68,"column":16},"end":{"line":68,"column":25}}],"line":68},"4":{"loc":{"start":{"line":69,"column":2},"end":{"line":69,"column":72}},"type":"if","locations":[{"start":{"line":69,"column":2},"end":{"line":69,"column":72}},{"start":{},"end":{}}],"line":69},"5":{"loc":{"start":{"line":71,"column":2},"end":{"line":71,"column":61}},"type":"if","locations":[{"start":{"line":71,"column":2},"end":{"line":71,"column":61}},{"start":{},"end":{}}],"line":71},"6":{"loc":{"start":{"line":71,"column":6},"end":{"line":71,"column":24}},"type":"binary-expr","locations":[{"start":{"line":71,"column":6},"end":{"line":71,"column":12}},{"start":{"line":71,"column":16},"end":{"line":71,"column":24}}],"line":71},"7":{"loc":{"start":{"line":80,"column":2},"end":{"line":80,"column":58}},"type":"if","locations":[{"start":{"line":80,"column":2},"end":{"line":80,"column":58}},{"start":{},"end":{}}],"line":80},"8":{"loc":{"start":{"line":85,"column":2},"end":{"line":98,"column":3}},"type":"if","locations":[{"start":{"line":85,"column":2},"end":{"line":98,"column":3}},{"start":{"line":96,"column":7},"end":{"line":98,"column":3}}],"line":85},"9":{"loc":{"start":{"line":89,"column":18},"end":{"line":89,"column":58}},"type":"cond-expr","locations":[{"start":{"line":89,"column":23},"end":{"line":89,"column":51}},{"start":{"line":89,"column":54},"end":{"line":89,"column":58}}],"line":89},"10":{"loc":{"start":{"line":94,"column":4},"end":{"line":94,"column":55}},"type":"if","locations":[{"start":{"line":94,"column":4},"end":{"line":94,"column":55}},{"start":{},"end":{}}],"line":94},"11":{"loc":{"start":{"line":102,"column":19},"end":{"line":102,"column":46}},"type":"cond-expr","locations":[{"start":{"line":102,"column":26},"end":{"line":102,"column":39}},{"start":{"line":102,"column":42},"end":{"line":102,"column":46}}],"line":102},"12":{"loc":{"start":{"line":111,"column":15},"end":{"line":111,"column":56}},"type":"cond-expr","locations":[{"start":{"line":111,"column":36},"end":{"line":111,"column":49}},{"start":{"line":111,"column":52},"end":{"line":111,"column":56}}],"line":111},"13":{"loc":{"start":{"line":121,"column":2},"end":{"line":128,"column":3}},"type":"if","locations":[{"start":{"line":121,"column":2},"end":{"line":128,"column":3}},{"start":{},"end":{}}],"line":121},"14":{"loc":{"start":{"line":145,"column":2},"end":{"line":145,"column":65}},"type":"if","locations":[{"start":{"line":145,"column":2},"end":{"line":145,"column":65}},{"start":{},"end":{}}],"line":145},"15":{"loc":{"start":{"line":145,"column":6},"end":{"line":145,"column":25}},"type":"binary-expr","locations":[{"start":{"line":145,"column":6},"end":{"line":145,"column":12}},{"start":{"line":145,"column":16},"end":{"line":145,"column":25}}],"line":145},"16":{"loc":{"start":{"line":146,"column":2},"end":{"line":146,"column":72}},"type":"if","locations":[{"start":{"line":146,"column":2},"end":{"line":146,"column":72}},{"start":{},"end":{}}],"line":146},"17":{"loc":{"start":{"line":151,"column":2},"end":{"line":151,"column":58}},"type":"if","locations":[{"start":{"line":151,"column":2},"end":{"line":151,"column":58}},{"start":{},"end":{}}],"line":151},"18":{"loc":{"start":{"line":157,"column":2},"end":{"line":157,"column":58}},"type":"if","locations":[{"start":{"line":157,"column":2},"end":{"line":157,"column":58}},{"start":{},"end":{}}],"line":157},"19":{"loc":{"start":{"line":161,"column":2},"end":{"line":172,"column":3}},"type":"if","locations":[{"start":{"line":161,"column":2},"end":{"line":172,"column":3}},{"start":{},"end":{}}],"line":161},"20":{"loc":{"start":{"line":163,"column":4},"end":{"line":163,"column":55}},"type":"if","locations":[{"start":{"line":163,"column":4},"end":{"line":163,"column":55}},{"start":{},"end":{}}],"line":163}},"s":{"0":2,"1":2,"2":2,"3":2,"4":2,"5":2,"6":2,"7":2,"8":2,"9":2,"10":2,"11":2,"12":0,"13":0,"14":0,"15":0,"16":0,"17":0,"18":2,"19":0,"20":2,"21":0,"22":0,"23":0,"24":0,"25":0,"26":0,"27":2,"28":4,"29":4,"30":4,"31":4,"32":4,"33":4,"34":0,"35":4,"36":1,"37":3,"38":1,"39":2,"40":2,"41":2,"42":0,"43":2,"44":0,"45":2,"46":2,"47":2,"48":1,"49":1,"50":1,"51":0,"52":1,"53":0,"54":1,"55":2,"56":2,"57":2,"58":2,"59":0,"60":2,"61":1,"62":1,"63":1,"64":0,"65":2,"66":2,"67":2,"68":0,"69":2,"70":2,"71":3,"72":3,"73":3,"74":3,"75":0,"76":3,"77":1,"78":2,"79":2,"80":2,"81":0,"82":2,"83":1,"84":1,"85":1,"86":1,"87":1,"88":0,"89":1,"90":0,"91":1,"92":1,"93":1,"94":1,"95":1,"96":0,"97":1,"98":1,"99":1,"100":1,"101":1,"102":0,"103":1,"104":2,"105":1,"106":1,"107":0,"108":1,"109":1,"110":1,"111":0,"112":2},"f":{"0":2,"1":0,"2":0,"3":0,"4":4,"5":3,"6":1,"7":2},"b":{"0":[0,0],"1":[0,0],"2":[0,4],"3":[4,4],"4":[1,3],"5":[1,2],"6":[3,3],"7":[0,2],"8":[1,1],"9":[1,0],"10":[0,1],"11":[0,2],"12":[1,1],"13":[1,1],"14":[0,3],"15":[3,3],"16":[1,2],"17":[1,1],"18":[0,1],"19":[1,0],"20":[0,1]},"_coverageSchema":"1a1c01bbd47fc00a2c39e90264f33305004495a9","hash":"fcd5c74e6049dd81540f781b459a587abc077e9d"}
,"/home/darkenmax06/Documentos/beta app/BETA-API/routes/classRoomRoutes.js": {"path":"/home/darkenmax06/Documentos/beta app/BETA-API/routes/classRoomRoutes.js","statementMap":{"0":{"start":{"line":1,"column":15},"end":{"line":1,"column":42}},"1":{"start":{"line":2,"column":18},"end":{"line":2,"column":48}},"2":{"start":{"line":3,"column":20},"end":{"line":3,"column":51}},"3":{"start":{"line":4,"column":16},"end":{"line":4,"column":44}},"4":{"start":{"line":5,"column":16},"end":{"line":5,"column":44}},"5":{"start":{"line":6,"column":14},"end":{"line":6,"column":40}},"6":{"start":{"line":7,"column":22},"end":{"line":7,"column":56}},"7":{"start":{"line":9,"column":0},"end":{"line":13,"column":2}},"8":{"start":{"line":10,"column":21},"end":{"line":10,"column":45}},"9":{"start":{"line":12,"column":2},"end":{"line":12,"column":22}},"10":{"start":{"line":15,"column":0},"end":{"line":33,"column":2}},"11":{"start":{"line":16,"column":17},"end":{"line":16,"column":27}},"12":{"start":{"line":17,"column":20},"end":{"line":28,"column":6}},"13":{"start":{"line":30,"column":2},"end":{"line":30,"column":53}},"14":{"start":{"line":30,"column":18},"end":{"line":30,"column":53}},"15":{"start":{"line":32,"column":2},"end":{"line":32,"column":21}},"16":{"start":{"line":35,"column":0},"end":{"line":108,"column":2}},"17":{"start":{"line":36,"column":41},"end":{"line":36,"column":49}},"18":{"start":{"line":37,"column":28},"end":{"line":37,"column":39}},"19":{"start":{"line":38,"column":16},"end":{"line":38,"column":42}},"20":{"start":{"line":40,"column":2},"end":{"line":40,"column":65}},"21":{"start":{"line":40,"column":27},"end":{"line":40,"column":65}},"22":{"start":{"line":41,"column":2},"end":{"line":41,"column":72}},"23":{"start":{"line":41,"column":36},"end":{"line":41,"column":72}},"24":{"start":{"line":43,"column":2},"end":{"line":43,"column":76}},"25":{"start":{"line":43,"column":41},"end":{"line":43,"column":76}},"26":{"start":{"line":45,"column":16},"end":{"line":45,"column":20}},"27":{"start":{"line":46,"column":2},"end":{"line":50,"column":3}},"28":{"start":{"line":47,"column":4},"end":{"line":47,"column":46}},"29":{"start":{"line":49,"column":4},"end":{"line":49,"column":20}},"30":{"start":{"line":52,"column":2},"end":{"line":52,"column":58}},"31":{"start":{"line":52,"column":23},"end":{"line":52,"column":58}},"32":{"start":{"line":54,"column":23},"end":{"line":59,"column":4}},"33":{"start":{"line":61,"column":18},"end":{"line":61,"column":22}},"34":{"start":{"line":62,"column":2},"end":{"line":66,"column":3}},"35":{"start":{"line":63,"column":4},"end":{"line":63,"column":41}},"36":{"start":{"line":65,"column":4},"end":{"line":65,"column":20}},"37":{"start":{"line":68,"column":19},"end":{"line":68,"column":57}},"38":{"start":{"line":70,"column":2},"end":{"line":86,"column":3}},"39":{"start":{"line":71,"column":4},"end":{"line":71,"column":63}},"40":{"start":{"line":72,"column":19},"end":{"line":81,"column":6}},"41":{"start":{"line":82,"column":16},"end":{"line":82,"column":37}},"42":{"start":{"line":83,"column":4},"end":{"line":83,"column":47}},"43":{"start":{"line":84,"column":4},"end":{"line":84,"column":24}},"44":{"start":{"line":85,"column":4},"end":{"line":85,"column":61}},"45":{"start":{"line":88,"column":2},"end":{"line":88,"column":61}},"46":{"start":{"line":90,"column":18},"end":{"line":90,"column":22}},"47":{"start":{"line":92,"column":2},"end":{"line":107,"column":3}},"48":{"start":{"line":93,"column":4},"end":{"line":93,"column":24}},"49":{"start":{"line":94,"column":4},"end":{"line":94,"column":38}},"50":{"start":{"line":95,"column":4},"end":{"line":103,"column":8}},"51":{"start":{"line":104,"column":4},"end":{"line":104,"column":23}},"52":{"start":{"line":106,"column":4},"end":{"line":106,"column":20}},"53":{"start":{"line":110,"column":0},"end":{"line":160,"column":2}},"54":{"start":{"line":111,"column":17},"end":{"line":111,"column":25}},"55":{"start":{"line":112,"column":28},"end":{"line":112,"column":39}},"56":{"start":{"line":113,"column":16},"end":{"line":113,"column":42}},"57":{"start":{"line":115,"column":2},"end":{"line":115,"column":65}},"58":{"start":{"line":115,"column":27},"end":{"line":115,"column":65}},"59":{"start":{"line":116,"column":2},"end":{"line":116,"column":72}},"60":{"start":{"line":116,"column":36},"end":{"line":116,"column":72}},"61":{"start":{"line":117,"column":18},"end":{"line":117,"column":22}},"62":{"start":{"line":118,"column":2},"end":{"line":122,"column":3}},"63":{"start":{"line":119,"column":4},"end":{"line":119,"column":44}},"64":{"start":{"line":121,"column":4},"end":{"line":121,"column":20}},"65":{"start":{"line":125,"column":2},"end":{"line":125,"column":60}},"66":{"start":{"line":125,"column":25},"end":{"line":125,"column":60}},"67":{"start":{"line":127,"column":2},"end":{"line":136,"column":3}},"68":{"start":{"line":128,"column":17},"end":{"line":128,"column":92}},"69":{"start":{"line":131,"column":4},"end":{"line":131,"column":64}},"70":{"start":{"line":131,"column":51},"end":{"line":131,"column":63}},"71":{"start":{"line":133,"column":22},"end":{"line":133,"column":83}},"72":{"start":{"line":133,"column":45},"end":{"line":133,"column":82}},"73":{"start":{"line":134,"column":4},"end":{"line":134,"column":69}},"74":{"start":{"line":134,"column":43},"end":{"line":134,"column":68}},"75":{"start":{"line":135,"column":4},"end":{"line":135,"column":21}},"76":{"start":{"line":138,"column":2},"end":{"line":140,"column":3}},"77":{"start":{"line":139,"column":4},"end":{"line":139,"column":51}},"78":{"start":{"line":142,"column":16},"end":{"line":142,"column":20}},"79":{"start":{"line":144,"column":2},"end":{"line":148,"column":3}},"80":{"start":{"line":145,"column":4},"end":{"line":145,"column":55}},"81":{"start":{"line":147,"column":4},"end":{"line":147,"column":20}},"82":{"start":{"line":150,"column":2},"end":{"line":150,"column":58}},"83":{"start":{"line":150,"column":23},"end":{"line":150,"column":58}},"84":{"start":{"line":151,"column":2},"end":{"line":151,"column":64}},"85":{"start":{"line":151,"column":55},"end":{"line":151,"column":63}},"86":{"start":{"line":152,"column":2},"end":{"line":152,"column":22}},"87":{"start":{"line":154,"column":2},"end":{"line":159,"column":3}},"88":{"start":{"line":155,"column":4},"end":{"line":155,"column":42}},"89":{"start":{"line":156,"column":4},"end":{"line":156,"column":48}},"90":{"start":{"line":158,"column":4},"end":{"line":158,"column":13}},"91":{"start":{"line":162,"column":0},"end":{"line":162,"column":23}}},"fnMap":{"0":{"name":"(anonymous_0)","decl":{"start":{"line":9,"column":16},"end":{"line":9,"column":17}},"loc":{"start":{"line":9,"column":36},"end":{"line":13,"column":1}},"line":9},"1":{"name":"(anonymous_1)","decl":{"start":{"line":15,"column":19},"end":{"line":15,"column":20}},"loc":{"start":{"line":15,"column":45},"end":{"line":33,"column":1}},"line":15},"2":{"name":"(anonymous_2)","decl":{"start":{"line":35,"column":17},"end":{"line":35,"column":18}},"loc":{"start":{"line":35,"column":43},"end":{"line":108,"column":1}},"line":35},"3":{"name":"(anonymous_3)","decl":{"start":{"line":110,"column":19},"end":{"line":110,"column":20}},"loc":{"start":{"line":110,"column":45},"end":{"line":160,"column":1}},"line":110},"4":{"name":"(anonymous_4)","decl":{"start":{"line":131,"column":45},"end":{"line":131,"column":46}},"loc":{"start":{"line":131,"column":51},"end":{"line":131,"column":63}},"line":131},"5":{"name":"(anonymous_5)","decl":{"start":{"line":133,"column":39},"end":{"line":133,"column":40}},"loc":{"start":{"line":133,"column":45},"end":{"line":133,"column":82}},"line":133},"6":{"name":"(anonymous_6)","decl":{"start":{"line":134,"column":37},"end":{"line":134,"column":38}},"loc":{"start":{"line":134,"column":43},"end":{"line":134,"column":68}},"line":134},"7":{"name":"(anonymous_7)","decl":{"start":{"line":151,"column":49},"end":{"line":151,"column":50}},"loc":{"start":{"line":151,"column":55},"end":{"line":151,"column":63}},"line":151}},"branchMap":{"0":{"loc":{"start":{"line":30,"column":2},"end":{"line":30,"column":53}},"type":"if","locations":[{"start":{"line":30,"column":2},"end":{"line":30,"column":53}},{"start":{},"end":{}}],"line":30},"1":{"loc":{"start":{"line":40,"column":2},"end":{"line":40,"column":65}},"type":"if","locations":[{"start":{"line":40,"column":2},"end":{"line":40,"column":65}},{"start":{},"end":{}}],"line":40},"2":{"loc":{"start":{"line":40,"column":6},"end":{"line":40,"column":25}},"type":"binary-expr","locations":[{"start":{"line":40,"column":6},"end":{"line":40,"column":12}},{"start":{"line":40,"column":16},"end":{"line":40,"column":25}}],"line":40},"3":{"loc":{"start":{"line":41,"column":2},"end":{"line":41,"column":72}},"type":"if","locations":[{"start":{"line":41,"column":2},"end":{"line":41,"column":72}},{"start":{},"end":{}}],"line":41},"4":{"loc":{"start":{"line":43,"column":2},"end":{"line":43,"column":76}},"type":"if","locations":[{"start":{"line":43,"column":2},"end":{"line":43,"column":76}},{"start":{},"end":{}}],"line":43},"5":{"loc":{"start":{"line":43,"column":6},"end":{"line":43,"column":39}},"type":"binary-expr","locations":[{"start":{"line":43,"column":6},"end":{"line":43,"column":17}},{"start":{"line":43,"column":21},"end":{"line":43,"column":27}},{"start":{"line":43,"column":31},"end":{"line":43,"column":39}}],"line":43},"6":{"loc":{"start":{"line":52,"column":2},"end":{"line":52,"column":58}},"type":"if","locations":[{"start":{"line":52,"column":2},"end":{"line":52,"column":58}},{"start":{},"end":{}}],"line":52},"7":{"loc":{"start":{"line":115,"column":2},"end":{"line":115,"column":65}},"type":"if","locations":[{"start":{"line":115,"column":2},"end":{"line":115,"column":65}},{"start":{},"end":{}}],"line":115},"8":{"loc":{"start":{"line":115,"column":6},"end":{"line":115,"column":25}},"type":"binary-expr","locations":[{"start":{"line":115,"column":6},"end":{"line":115,"column":12}},{"start":{"line":115,"column":16},"end":{"line":115,"column":25}}],"line":115},"9":{"loc":{"start":{"line":116,"column":2},"end":{"line":116,"column":72}},"type":"if","locations":[{"start":{"line":116,"column":2},"end":{"line":116,"column":72}},{"start":{},"end":{}}],"line":116},"10":{"loc":{"start":{"line":125,"column":2},"end":{"line":125,"column":60}},"type":"if","locations":[{"start":{"line":125,"column":2},"end":{"line":125,"column":60}},{"start":{},"end":{}}],"line":125},"11":{"loc":{"start":{"line":150,"column":2},"end":{"line":150,"column":58}},"type":"if","locations":[{"start":{"line":150,"column":2},"end":{"line":150,"column":58}},{"start":{},"end":{}}],"line":150}},"s":{"0":2,"1":2,"2":2,"3":2,"4":2,"5":2,"6":2,"7":2,"8":15,"9":15,"10":2,"11":8,"12":8,"13":8,"14":0,"15":8,"16":2,"17":3,"18":3,"19":3,"20":3,"21":0,"22":3,"23":1,"24":2,"25":1,"26":1,"27":1,"28":1,"29":0,"30":1,"31":0,"32":1,"33":1,"34":1,"35":1,"36":0,"37":1,"38":1,"39":4,"40":4,"41":4,"42":4,"43":4,"44":4,"45":1,"46":1,"47":1,"48":1,"49":1,"50":1,"51":1,"52":0,"53":2,"54":1,"55":1,"56":1,"57":1,"58":0,"59":1,"60":0,"61":1,"62":1,"63":1,"64":0,"65":1,"66":0,"67":1,"68":4,"69":4,"70":4,"71":4,"72":4,"73":4,"74":4,"75":4,"76":1,"77":0,"78":1,"79":1,"80":1,"81":0,"82":1,"83":0,"84":1,"85":1,"86":1,"87":1,"88":1,"89":1,"90":0,"91":2},"f":{"0":15,"1":8,"2":3,"3":1,"4":4,"5":4,"6":4,"7":1},"b":{"0":[0,8],"1":[0,3],"2":[3,3],"3":[1,2],"4":[1,1],"5":[2,2,2],"6":[0,1],"7":[0,1],"8":[1,1],"9":[0,1],"10":[0,1],"11":[0,1]},"_coverageSchema":"1a1c01bbd47fc00a2c39e90264f33305004495a9","hash":"05c77c94414b3e518daf1f2c3cfb6d93288d2864"}
,"/home/darkenmax06/Documentos/beta app/BETA-API/routes/homeworksRoutes.js": {"path":"/home/darkenmax06/Documentos/beta app/BETA-API/routes/homeworksRoutes.js","statementMap":{"0":{"start":{"line":1,"column":15},"end":{"line":1,"column":42}},"1":{"start":{"line":2,"column":17},"end":{"line":2,"column":46}},"2":{"start":{"line":3,"column":20},"end":{"line":3,"column":51}},"3":{"start":{"line":4,"column":18},"end":{"line":4,"column":48}},"4":{"start":{"line":5,"column":19},"end":{"line":5,"column":32}},"5":{"start":{"line":8,"column":15},"end":{"line":8,"column":32}},"6":{"start":{"line":9,"column":13},"end":{"line":9,"column":28}},"7":{"start":{"line":10,"column":19},"end":{"line":10,"column":49}},"8":{"start":{"line":12,"column":16},"end":{"line":18,"column":2}},"9":{"start":{"line":14,"column":4},"end":{"line":14,"column":85}},"10":{"start":{"line":20,"column":15},"end":{"line":37,"column":19}},"11":{"start":{"line":27,"column":22},"end":{"line":27,"column":45}},"12":{"start":{"line":28,"column":21},"end":{"line":28,"column":50}},"13":{"start":{"line":29,"column":20},"end":{"line":29,"column":67}},"14":{"start":{"line":31,"column":4},"end":{"line":31,"column":50}},"15":{"start":{"line":31,"column":29},"end":{"line":31,"column":50}},"16":{"start":{"line":32,"column":4},"end":{"line":35,"column":6}},"17":{"start":{"line":41,"column":0},"end":{"line":44,"column":2}},"18":{"start":{"line":42,"column":20},"end":{"line":42,"column":43}},"19":{"start":{"line":43,"column":2},"end":{"line":43,"column":21}},"20":{"start":{"line":46,"column":0},"end":{"line":101,"column":2}},"21":{"start":{"line":47,"column":33},"end":{"line":47,"column":41}},"22":{"start":{"line":48,"column":19},"end":{"line":48,"column":22}},"23":{"start":{"line":50,"column":28},"end":{"line":50,"column":39}},"24":{"start":{"line":51,"column":16},"end":{"line":51,"column":42}},"25":{"start":{"line":53,"column":2},"end":{"line":53,"column":65}},"26":{"start":{"line":53,"column":27},"end":{"line":53,"column":65}},"27":{"start":{"line":54,"column":2},"end":{"line":54,"column":72}},"28":{"start":{"line":54,"column":36},"end":{"line":54,"column":72}},"29":{"start":{"line":56,"column":19},"end":{"line":56,"column":46}},"30":{"start":{"line":58,"column":2},"end":{"line":58,"column":21}},"31":{"start":{"line":60,"column":2},"end":{"line":60,"column":68}},"32":{"start":{"line":60,"column":33},"end":{"line":60,"column":68}},"33":{"start":{"line":62,"column":18},"end":{"line":62,"column":22}},"34":{"start":{"line":64,"column":2},"end":{"line":68,"column":3}},"35":{"start":{"line":65,"column":4},"end":{"line":65,"column":44}},"36":{"start":{"line":67,"column":4},"end":{"line":67,"column":20}},"37":{"start":{"line":70,"column":2},"end":{"line":70,"column":20}},"38":{"start":{"line":72,"column":2},"end":{"line":72,"column":53}},"39":{"start":{"line":72,"column":18},"end":{"line":72,"column":53}},"40":{"start":{"line":74,"column":22},"end":{"line":79,"column":4}},"41":{"start":{"line":81,"column":2},"end":{"line":85,"column":3}},"42":{"start":{"line":82,"column":4},"end":{"line":82,"column":28}},"43":{"start":{"line":84,"column":4},"end":{"line":84,"column":20}},"44":{"start":{"line":87,"column":2},"end":{"line":87,"column":65}},"45":{"start":{"line":90,"column":2},"end":{"line":90,"column":20}},"46":{"start":{"line":91,"column":2},"end":{"line":95,"column":3}},"47":{"start":{"line":92,"column":4},"end":{"line":92,"column":26}},"48":{"start":{"line":94,"column":4},"end":{"line":94,"column":20}},"49":{"start":{"line":97,"column":2},"end":{"line":97,"column":20}},"50":{"start":{"line":98,"column":2},"end":{"line":98,"column":23}},"51":{"start":{"line":103,"column":0},"end":{"line":139,"column":2}},"52":{"start":{"line":104,"column":17},"end":{"line":104,"column":25}},"53":{"start":{"line":105,"column":2},"end":{"line":105,"column":17}},"54":{"start":{"line":106,"column":17},"end":{"line":106,"column":21}},"55":{"start":{"line":107,"column":28},"end":{"line":107,"column":39}},"56":{"start":{"line":108,"column":16},"end":{"line":108,"column":42}},"57":{"start":{"line":110,"column":2},"end":{"line":110,"column":65}},"58":{"start":{"line":110,"column":27},"end":{"line":110,"column":65}},"59":{"start":{"line":111,"column":2},"end":{"line":111,"column":72}},"60":{"start":{"line":111,"column":36},"end":{"line":111,"column":72}},"61":{"start":{"line":113,"column":2},"end":{"line":118,"column":3}},"62":{"start":{"line":114,"column":4},"end":{"line":114,"column":42}},"63":{"start":{"line":115,"column":4},"end":{"line":115,"column":25}},"64":{"start":{"line":117,"column":4},"end":{"line":117,"column":20}},"65":{"start":{"line":120,"column":2},"end":{"line":120,"column":52}},"66":{"start":{"line":120,"column":17},"end":{"line":120,"column":52}},"67":{"start":{"line":122,"column":2},"end":{"line":122,"column":23}},"68":{"start":{"line":124,"column":2},"end":{"line":130,"column":3}},"69":{"start":{"line":125,"column":4},"end":{"line":129,"column":5}},"70":{"start":{"line":126,"column":6},"end":{"line":126,"column":89}},"71":{"start":{"line":126,"column":50},"end":{"line":126,"column":88}},"72":{"start":{"line":128,"column":6},"end":{"line":128,"column":22}},"73":{"start":{"line":132,"column":2},"end":{"line":136,"column":3}},"74":{"start":{"line":133,"column":4},"end":{"line":133,"column":40}},"75":{"start":{"line":135,"column":4},"end":{"line":135,"column":20}},"76":{"start":{"line":138,"column":2},"end":{"line":138,"column":42}},"77":{"start":{"line":141,"column":0},"end":{"line":141,"column":23}}},"fnMap":{"0":{"name":"(anonymous_0)","decl":{"start":{"line":13,"column":12},"end":{"line":13,"column":13}},"loc":{"start":{"line":13,"column":31},"end":{"line":15,"column":3}},"line":13},"1":{"name":"(anonymous_1)","decl":{"start":{"line":26,"column":14},"end":{"line":26,"column":15}},"loc":{"start":{"line":26,"column":33},"end":{"line":36,"column":3}},"line":26},"2":{"name":"(anonymous_2)","decl":{"start":{"line":41,"column":16},"end":{"line":41,"column":17}},"loc":{"start":{"line":41,"column":36},"end":{"line":44,"column":1}},"line":41},"3":{"name":"(anonymous_3)","decl":{"start":{"line":46,"column":25},"end":{"line":46,"column":26}},"loc":{"start":{"line":46,"column":51},"end":{"line":101,"column":1}},"line":46},"4":{"name":"(anonymous_4)","decl":{"start":{"line":103,"column":19},"end":{"line":103,"column":20}},"loc":{"start":{"line":103,"column":45},"end":{"line":139,"column":1}},"line":103},"5":{"name":"(anonymous_5)","decl":{"start":{"line":126,"column":44},"end":{"line":126,"column":45}},"loc":{"start":{"line":126,"column":50},"end":{"line":126,"column":88}},"line":126}},"branchMap":{"0":{"loc":{"start":{"line":31,"column":4},"end":{"line":31,"column":50}},"type":"if","locations":[{"start":{"line":31,"column":4},"end":{"line":31,"column":50}},{"start":{},"end":{}}],"line":31},"1":{"loc":{"start":{"line":31,"column":8},"end":{"line":31,"column":27}},"type":"binary-expr","locations":[{"start":{"line":31,"column":8},"end":{"line":31,"column":16}},{"start":{"line":31,"column":20},"end":{"line":31,"column":27}}],"line":31},"2":{"loc":{"start":{"line":53,"column":2},"end":{"line":53,"column":65}},"type":"if","locations":[{"start":{"line":53,"column":2},"end":{"line":53,"column":65}},{"start":{},"end":{}}],"line":53},"3":{"loc":{"start":{"line":53,"column":6},"end":{"line":53,"column":25}},"type":"binary-expr","locations":[{"start":{"line":53,"column":6},"end":{"line":53,"column":12}},{"start":{"line":53,"column":16},"end":{"line":53,"column":25}}],"line":53},"4":{"loc":{"start":{"line":54,"column":2},"end":{"line":54,"column":72}},"type":"if","locations":[{"start":{"line":54,"column":2},"end":{"line":54,"column":72}},{"start":{},"end":{}}],"line":54},"5":{"loc":{"start":{"line":56,"column":19},"end":{"line":56,"column":46}},"type":"cond-expr","locations":[{"start":{"line":56,"column":26},"end":{"line":56,"column":39}},{"start":{"line":56,"column":42},"end":{"line":56,"column":46}}],"line":56},"6":{"loc":{"start":{"line":60,"column":2},"end":{"line":60,"column":68}},"type":"if","locations":[{"start":{"line":60,"column":2},"end":{"line":60,"column":68}},{"start":{},"end":{}}],"line":60},"7":{"loc":{"start":{"line":60,"column":6},"end":{"line":60,"column":31}},"type":"binary-expr","locations":[{"start":{"line":60,"column":6},"end":{"line":60,"column":9}},{"start":{"line":60,"column":13},"end":{"line":60,"column":19}},{"start":{"line":60,"column":23},"end":{"line":60,"column":31}}],"line":60},"8":{"loc":{"start":{"line":72,"column":2},"end":{"line":72,"column":53}},"type":"if","locations":[{"start":{"line":72,"column":2},"end":{"line":72,"column":53}},{"start":{},"end":{}}],"line":72},"9":{"loc":{"start":{"line":110,"column":2},"end":{"line":110,"column":65}},"type":"if","locations":[{"start":{"line":110,"column":2},"end":{"line":110,"column":65}},{"start":{},"end":{}}],"line":110},"10":{"loc":{"start":{"line":110,"column":6},"end":{"line":110,"column":25}},"type":"binary-expr","locations":[{"start":{"line":110,"column":6},"end":{"line":110,"column":12}},{"start":{"line":110,"column":16},"end":{"line":110,"column":25}}],"line":110},"11":{"loc":{"start":{"line":111,"column":2},"end":{"line":111,"column":72}},"type":"if","locations":[{"start":{"line":111,"column":2},"end":{"line":111,"column":72}},{"start":{},"end":{}}],"line":111},"12":{"loc":{"start":{"line":120,"column":2},"end":{"line":120,"column":52}},"type":"if","locations":[{"start":{"line":120,"column":2},"end":{"line":120,"column":52}},{"start":{},"end":{}}],"line":120},"13":{"loc":{"start":{"line":124,"column":2},"end":{"line":130,"column":3}},"type":"if","locations":[{"start":{"line":124,"column":2},"end":{"line":130,"column":3}},{"start":{},"end":{}}],"line":124}},"s":{"0":2,"1":2,"2":2,"3":2,"4":2,"5":2,"6":2,"7":2,"8":2,"9":0,"10":2,"11":0,"12":0,"13":0,"14":0,"15":0,"16":0,"17":2,"18":0,"19":0,"20":2,"21":5,"22":5,"23":5,"24":5,"25":5,"26":0,"27":5,"28":1,"29":4,"30":4,"31":4,"32":2,"33":2,"34":2,"35":2,"36":0,"37":2,"38":2,"39":0,"40":2,"41":2,"42":2,"43":0,"44":2,"45":2,"46":2,"47":2,"48":0,"49":2,"50":2,"51":2,"52":1,"53":1,"54":1,"55":1,"56":1,"57":1,"58":0,"59":1,"60":0,"61":1,"62":1,"63":1,"64":0,"65":1,"66":0,"67":1,"68":1,"69":0,"70":0,"71":0,"72":0,"73":1,"74":1,"75":0,"76":1,"77":2},"f":{"0":0,"1":0,"2":0,"3":5,"4":1,"5":0},"b":{"0":[0,0],"1":[0,0],"2":[0,5],"3":[5,5],"4":[1,4],"5":[0,4],"6":[2,2],"7":[4,3,3],"8":[0,2],"9":[0,1],"10":[1,1],"11":[0,1],"12":[0,1],"13":[0,1]},"_coverageSchema":"1a1c01bbd47fc00a2c39e90264f33305004495a9","hash":"649d1a39a8e73733a4826cc4f37e13564815631f"}
,"/home/darkenmax06/Documentos/beta app/BETA-API/routes/login.js": {"path":"/home/darkenmax06/Documentos/beta app/BETA-API/routes/login.js","statementMap":{"0":{"start":{"line":1,"column":15},"end":{"line":1,"column":42}},"1":{"start":{"line":2,"column":12},"end":{"line":2,"column":35}},"2":{"start":{"line":3,"column":16},"end":{"line":3,"column":44}},"3":{"start":{"line":4,"column":16},"end":{"line":4,"column":44}},"4":{"start":{"line":5,"column":15},"end":{"line":5,"column":32}},"5":{"start":{"line":6,"column":13},"end":{"line":6,"column":28}},"6":{"start":{"line":7,"column":19},"end":{"line":7,"column":40}},"7":{"start":{"line":9,"column":0},"end":{"line":44,"column":2}},"8":{"start":{"line":10,"column":30},"end":{"line":10,"column":38}},"9":{"start":{"line":12,"column":2},"end":{"line":12,"column":23}},"10":{"start":{"line":14,"column":2},"end":{"line":14,"column":61}},"11":{"start":{"line":14,"column":29},"end":{"line":14,"column":61}},"12":{"start":{"line":15,"column":2},"end":{"line":15,"column":55}},"13":{"start":{"line":15,"column":26},"end":{"line":15,"column":55}},"14":{"start":{"line":17,"column":18},"end":{"line":17,"column":50}},"15":{"start":{"line":18,"column":18},"end":{"line":18,"column":50}},"16":{"start":{"line":20,"column":15},"end":{"line":20,"column":51}},"17":{"start":{"line":22,"column":28},"end":{"line":24,"column":51}},"18":{"start":{"line":26,"column":2},"end":{"line":26,"column":73}},"19":{"start":{"line":26,"column":26},"end":{"line":26,"column":73}},"20":{"start":{"line":28,"column":18},"end":{"line":31,"column":3}},"21":{"start":{"line":33,"column":2},"end":{"line":42,"column":3}},"22":{"start":{"line":34,"column":18},"end":{"line":34,"column":60}},"23":{"start":{"line":36,"column":4},"end":{"line":39,"column":6}},"24":{"start":{"line":41,"column":4},"end":{"line":41,"column":20}},"25":{"start":{"line":47,"column":0},"end":{"line":86,"column":2}},"26":{"start":{"line":48,"column":20},"end":{"line":48,"column":28}},"27":{"start":{"line":50,"column":2},"end":{"line":50,"column":55}},"28":{"start":{"line":50,"column":26},"end":{"line":50,"column":55}},"29":{"start":{"line":52,"column":18},"end":{"line":52,"column":50}},"30":{"start":{"line":53,"column":18},"end":{"line":53,"column":50}},"31":{"start":{"line":55,"column":15},"end":{"line":55,"column":51}},"32":{"start":{"line":57,"column":2},"end":{"line":57,"column":67}},"33":{"start":{"line":57,"column":20},"end":{"line":57,"column":67}},"34":{"start":{"line":59,"column":22},"end":{"line":67,"column":4}},"35":{"start":{"line":69,"column":20},"end":{"line":78,"column":3}},"36":{"start":{"line":80,"column":20},"end":{"line":82,"column":3}},"37":{"start":{"line":81,"column":4},"end":{"line":81,"column":93}},"38":{"start":{"line":84,"column":2},"end":{"line":84,"column":50}},"39":{"start":{"line":88,"column":0},"end":{"line":112,"column":2}},"40":{"start":{"line":89,"column":27},"end":{"line":89,"column":35}},"41":{"start":{"line":90,"column":2},"end":{"line":90,"column":23}},"42":{"start":{"line":92,"column":2},"end":{"line":92,"column":58}},"43":{"start":{"line":92,"column":23},"end":{"line":92,"column":58}},"44":{"start":{"line":93,"column":2},"end":{"line":93,"column":64}},"45":{"start":{"line":93,"column":29},"end":{"line":93,"column":64}},"46":{"start":{"line":95,"column":18},"end":{"line":95,"column":44}},"47":{"start":{"line":96,"column":18},"end":{"line":96,"column":44}},"48":{"start":{"line":98,"column":15},"end":{"line":98,"column":51}},"49":{"start":{"line":100,"column":2},"end":{"line":100,"column":19}},"50":{"start":{"line":102,"column":2},"end":{"line":102,"column":67}},"51":{"start":{"line":102,"column":20},"end":{"line":102,"column":67}},"52":{"start":{"line":104,"column":2},"end":{"line":104,"column":49}},"53":{"start":{"line":106,"column":2},"end":{"line":111,"column":3}},"54":{"start":{"line":107,"column":4},"end":{"line":107,"column":21}},"55":{"start":{"line":108,"column":4},"end":{"line":108,"column":46}},"56":{"start":{"line":110,"column":4},"end":{"line":110,"column":13}},"57":{"start":{"line":114,"column":0},"end":{"line":114,"column":23}}},"fnMap":{"0":{"name":"(anonymous_0)","decl":{"start":{"line":9,"column":17},"end":{"line":9,"column":18}},"loc":{"start":{"line":9,"column":43},"end":{"line":44,"column":1}},"line":9},"1":{"name":"(anonymous_1)","decl":{"start":{"line":47,"column":29},"end":{"line":47,"column":30}},"loc":{"start":{"line":47,"column":55},"end":{"line":86,"column":1}},"line":47},"2":{"name":"(anonymous_2)","decl":{"start":{"line":80,"column":20},"end":{"line":80,"column":21}},"loc":{"start":{"line":80,"column":35},"end":{"line":82,"column":3}},"line":80},"3":{"name":"(anonymous_3)","decl":{"start":{"line":88,"column":24},"end":{"line":88,"column":25}},"loc":{"start":{"line":88,"column":50},"end":{"line":112,"column":1}},"line":88}},"branchMap":{"0":{"loc":{"start":{"line":14,"column":2},"end":{"line":14,"column":61}},"type":"if","locations":[{"start":{"line":14,"column":2},"end":{"line":14,"column":61}},{"start":{},"end":{}}],"line":14},"1":{"loc":{"start":{"line":15,"column":2},"end":{"line":15,"column":55}},"type":"if","locations":[{"start":{"line":15,"column":2},"end":{"line":15,"column":55}},{"start":{},"end":{}}],"line":15},"2":{"loc":{"start":{"line":20,"column":15},"end":{"line":20,"column":51}},"type":"cond-expr","locations":[{"start":{"line":20,"column":34},"end":{"line":20,"column":41}},{"start":{"line":20,"column":44},"end":{"line":20,"column":51}}],"line":20},"3":{"loc":{"start":{"line":22,"column":28},"end":{"line":24,"column":51}},"type":"cond-expr","locations":[{"start":{"line":23,"column":6},"end":{"line":23,"column":11}},{"start":{"line":24,"column":6},"end":{"line":24,"column":51}}],"line":22},"4":{"loc":{"start":{"line":26,"column":2},"end":{"line":26,"column":73}},"type":"if","locations":[{"start":{"line":26,"column":2},"end":{"line":26,"column":73}},{"start":{},"end":{}}],"line":26},"5":{"loc":{"start":{"line":30,"column":14},"end":{"line":30,"column":53}},"type":"cond-expr","locations":[{"start":{"line":30,"column":32},"end":{"line":30,"column":41}},{"start":{"line":30,"column":44},"end":{"line":30,"column":53}}],"line":30},"6":{"loc":{"start":{"line":50,"column":2},"end":{"line":50,"column":55}},"type":"if","locations":[{"start":{"line":50,"column":2},"end":{"line":50,"column":55}},{"start":{},"end":{}}],"line":50},"7":{"loc":{"start":{"line":55,"column":15},"end":{"line":55,"column":51}},"type":"cond-expr","locations":[{"start":{"line":55,"column":34},"end":{"line":55,"column":41}},{"start":{"line":55,"column":44},"end":{"line":55,"column":51}}],"line":55},"8":{"loc":{"start":{"line":57,"column":2},"end":{"line":57,"column":67}},"type":"if","locations":[{"start":{"line":57,"column":2},"end":{"line":57,"column":67}},{"start":{},"end":{}}],"line":57},"9":{"loc":{"start":{"line":81,"column":4},"end":{"line":81,"column":93}},"type":"cond-expr","locations":[{"start":{"line":81,"column":10},"end":{"line":81,"column":35}},{"start":{"line":81,"column":38},"end":{"line":81,"column":93}}],"line":81},"10":{"loc":{"start":{"line":92,"column":2},"end":{"line":92,"column":58}},"type":"if","locations":[{"start":{"line":92,"column":2},"end":{"line":92,"column":58}},{"start":{},"end":{}}],"line":92},"11":{"loc":{"start":{"line":93,"column":2},"end":{"line":93,"column":64}},"type":"if","locations":[{"start":{"line":93,"column":2},"end":{"line":93,"column":64}},{"start":{},"end":{}}],"line":93},"12":{"loc":{"start":{"line":98,"column":15},"end":{"line":98,"column":51}},"type":"cond-expr","locations":[{"start":{"line":98,"column":34},"end":{"line":98,"column":41}},{"start":{"line":98,"column":44},"end":{"line":98,"column":51}}],"line":98},"13":{"loc":{"start":{"line":102,"column":2},"end":{"line":102,"column":67}},"type":"if","locations":[{"start":{"line":102,"column":2},"end":{"line":102,"column":67}},{"start":{},"end":{}}],"line":102}},"s":{"0":2,"1":2,"2":2,"3":2,"4":2,"5":2,"6":2,"7":2,"8":23,"9":23,"10":23,"11":0,"12":23,"13":0,"14":23,"15":23,"16":23,"17":23,"18":23,"19":0,"20":23,"21":23,"22":23,"23":23,"24":0,"25":2,"26":0,"27":0,"28":0,"29":0,"30":0,"31":0,"32":0,"33":0,"34":0,"35":0,"36":0,"37":0,"38":0,"39":2,"40":0,"41":0,"42":0,"43":0,"44":0,"45":0,"46":0,"47":0,"48":0,"49":0,"50":0,"51":0,"52":0,"53":0,"54":0,"55":0,"56":0,"57":2},"f":{"0":23,"1":0,"2":0,"3":0},"b":{"0":[0,23],"1":[0,23],"2":[17,6],"3":[0,23],"4":[0,23],"5":[17,6],"6":[0,0],"7":[0,0],"8":[0,0],"9":[0,0],"10":[0,0],"11":[0,0],"12":[0,0],"13":[0,0]},"_coverageSchema":"1a1c01bbd47fc00a2c39e90264f33305004495a9","hash":"ed3bdd86996059d2f72f4e3cd051d2a8cca61001"}
,"/home/darkenmax06/Documentos/beta app/BETA-API/routes/scoreRoutes.js": {"path":"/home/darkenmax06/Documentos/beta app/BETA-API/routes/scoreRoutes.js","statementMap":{"0":{"start":{"line":1,"column":15},"end":{"line":1,"column":42}},"1":{"start":{"line":2,"column":20},"end":{"line":2,"column":51}},"2":{"start":{"line":3,"column":16},"end":{"line":3,"column":44}},"3":{"start":{"line":4,"column":14},"end":{"line":4,"column":40}},"4":{"start":{"line":6,"column":0},"end":{"line":38,"column":2}},"5":{"start":{"line":7,"column":33},"end":{"line":7,"column":41}},"6":{"start":{"line":8,"column":28},"end":{"line":8,"column":39}},"7":{"start":{"line":9,"column":16},"end":{"line":9,"column":42}},"8":{"start":{"line":11,"column":2},"end":{"line":11,"column":65}},"9":{"start":{"line":11,"column":27},"end":{"line":11,"column":65}},"10":{"start":{"line":12,"column":2},"end":{"line":12,"column":72}},"11":{"start":{"line":12,"column":36},"end":{"line":12,"column":72}},"12":{"start":{"line":14,"column":14},"end":{"line":14,"column":18}},"13":{"start":{"line":16,"column":2},"end":{"line":20,"column":3}},"14":{"start":{"line":17,"column":4},"end":{"line":17,"column":36}},"15":{"start":{"line":19,"column":4},"end":{"line":19,"column":13}},"16":{"start":{"line":22,"column":2},"end":{"line":22,"column":56}},"17":{"start":{"line":22,"column":21},"end":{"line":22,"column":56}},"18":{"start":{"line":24,"column":2},"end":{"line":24,"column":23}},"19":{"start":{"line":25,"column":2},"end":{"line":25,"column":23}},"20":{"start":{"line":26,"column":2},"end":{"line":26,"column":23}},"21":{"start":{"line":27,"column":2},"end":{"line":27,"column":23}},"22":{"start":{"line":29,"column":2},"end":{"line":33,"column":3}},"23":{"start":{"line":30,"column":4},"end":{"line":30,"column":22}},"24":{"start":{"line":32,"column":4},"end":{"line":32,"column":20}},"25":{"start":{"line":35,"column":2},"end":{"line":35,"column":20}},"26":{"start":{"line":37,"column":2},"end":{"line":37,"column":17}},"27":{"start":{"line":40,"column":0},"end":{"line":40,"column":23}}},"fnMap":{"0":{"name":"(anonymous_0)","decl":{"start":{"line":6,"column":16},"end":{"line":6,"column":17}},"loc":{"start":{"line":6,"column":42},"end":{"line":38,"column":1}},"line":6}},"branchMap":{"0":{"loc":{"start":{"line":11,"column":2},"end":{"line":11,"column":65}},"type":"if","locations":[{"start":{"line":11,"column":2},"end":{"line":11,"column":65}},{"start":{},"end":{}}],"line":11},"1":{"loc":{"start":{"line":11,"column":6},"end":{"line":11,"column":25}},"type":"binary-expr","locations":[{"start":{"line":11,"column":6},"end":{"line":11,"column":12}},{"start":{"line":11,"column":16},"end":{"line":11,"column":25}}],"line":11},"2":{"loc":{"start":{"line":12,"column":2},"end":{"line":12,"column":72}},"type":"if","locations":[{"start":{"line":12,"column":2},"end":{"line":12,"column":72}},{"start":{},"end":{}}],"line":12},"3":{"loc":{"start":{"line":22,"column":2},"end":{"line":22,"column":56}},"type":"if","locations":[{"start":{"line":22,"column":2},"end":{"line":22,"column":56}},{"start":{},"end":{}}],"line":22}},"s":{"0":2,"1":2,"2":2,"3":2,"4":2,"5":1,"6":1,"7":1,"8":1,"9":0,"10":1,"11":0,"12":1,"13":1,"14":1,"15":0,"16":1,"17":0,"18":1,"19":1,"20":1,"21":1,"22":1,"23":1,"24":0,"25":1,"26":1,"27":2},"f":{"0":1},"b":{"0":[0,1],"1":[1,1],"2":[0,1],"3":[0,1]},"_coverageSchema":"1a1c01bbd47fc00a2c39e90264f33305004495a9","hash":"0291c040f4b1dbf70b1a41abfed4027ef5fdf091"}
,"/home/darkenmax06/Documentos/beta app/BETA-API/routes/studentRoutes.js": {"path":"/home/darkenmax06/Documentos/beta app/BETA-API/routes/studentRoutes.js","statementMap":{"0":{"start":{"line":1,"column":15},"end":{"line":1,"column":42}},"1":{"start":{"line":2,"column":16},"end":{"line":2,"column":44}},"2":{"start":{"line":3,"column":15},"end":{"line":3,"column":32}},"3":{"start":{"line":4,"column":19},"end":{"line":4,"column":49}},"4":{"start":{"line":5,"column":20},"end":{"line":5,"column":51}},"5":{"start":{"line":6,"column":18},"end":{"line":6,"column":48}},"6":{"start":{"line":8,"column":0},"end":{"line":11,"column":2}},"7":{"start":{"line":9,"column":19},"end":{"line":9,"column":60}},"8":{"start":{"line":10,"column":2},"end":{"line":10,"column":20}},"9":{"start":{"line":13,"column":0},"end":{"line":32,"column":2}},"10":{"start":{"line":14,"column":23},"end":{"line":14,"column":33}},"11":{"start":{"line":15,"column":28},"end":{"line":15,"column":39}},"12":{"start":{"line":16,"column":16},"end":{"line":16,"column":42}},"13":{"start":{"line":18,"column":2},"end":{"line":18,"column":65}},"14":{"start":{"line":18,"column":27},"end":{"line":18,"column":65}},"15":{"start":{"line":19,"column":2},"end":{"line":19,"column":72}},"16":{"start":{"line":19,"column":36},"end":{"line":19,"column":72}},"17":{"start":{"line":23,"column":2},"end":{"line":27,"column":3}},"18":{"start":{"line":24,"column":4},"end":{"line":24,"column":68}},"19":{"start":{"line":26,"column":4},"end":{"line":26,"column":20}},"20":{"start":{"line":29,"column":2},"end":{"line":29,"column":58}},"21":{"start":{"line":29,"column":23},"end":{"line":29,"column":58}},"22":{"start":{"line":30,"column":2},"end":{"line":30,"column":26}},"23":{"start":{"line":35,"column":0},"end":{"line":57,"column":2}},"24":{"start":{"line":36,"column":19},"end":{"line":36,"column":29}},"25":{"start":{"line":37,"column":28},"end":{"line":37,"column":39}},"26":{"start":{"line":38,"column":16},"end":{"line":38,"column":42}},"27":{"start":{"line":40,"column":2},"end":{"line":40,"column":65}},"28":{"start":{"line":40,"column":27},"end":{"line":40,"column":65}},"29":{"start":{"line":41,"column":2},"end":{"line":41,"column":72}},"30":{"start":{"line":41,"column":36},"end":{"line":41,"column":72}},"31":{"start":{"line":45,"column":2},"end":{"line":51,"column":3}},"32":{"start":{"line":46,"column":4},"end":{"line":48,"column":6}},"33":{"start":{"line":50,"column":4},"end":{"line":50,"column":20}},"34":{"start":{"line":53,"column":2},"end":{"line":53,"column":59}},"35":{"start":{"line":53,"column":24},"end":{"line":53,"column":59}},"36":{"start":{"line":55,"column":2},"end":{"line":55,"column":27}},"37":{"start":{"line":60,"column":0},"end":{"line":75,"column":2}},"38":{"start":{"line":61,"column":29},"end":{"line":61,"column":37}},"39":{"start":{"line":62,"column":28},"end":{"line":62,"column":39}},"40":{"start":{"line":63,"column":16},"end":{"line":63,"column":42}},"41":{"start":{"line":65,"column":2},"end":{"line":65,"column":65}},"42":{"start":{"line":65,"column":27},"end":{"line":65,"column":65}},"43":{"start":{"line":66,"column":2},"end":{"line":66,"column":72}},"44":{"start":{"line":66,"column":36},"end":{"line":66,"column":72}},"45":{"start":{"line":68,"column":17},"end":{"line":68,"column":21}},"46":{"start":{"line":69,"column":2},"end":{"line":73,"column":3}},"47":{"start":{"line":70,"column":4},"end":{"line":70,"column":53}},"48":{"start":{"line":72,"column":4},"end":{"line":72,"column":20}},"49":{"start":{"line":74,"column":2},"end":{"line":74,"column":20}},"50":{"start":{"line":77,"column":0},"end":{"line":112,"column":2}},"51":{"start":{"line":78,"column":52},"end":{"line":78,"column":60}},"52":{"start":{"line":80,"column":2},"end":{"line":87,"column":3}},"53":{"start":{"line":86,"column":4},"end":{"line":86,"column":39}},"54":{"start":{"line":89,"column":23},"end":{"line":89,"column":55}},"55":{"start":{"line":90,"column":2},"end":{"line":90,"column":58}},"56":{"start":{"line":90,"column":20},"end":{"line":90,"column":58}},"57":{"start":{"line":92,"column":21},"end":{"line":92,"column":23}},"58":{"start":{"line":93,"column":23},"end":{"line":93,"column":62}},"59":{"start":{"line":94,"column":22},"end":{"line":94,"column":56}},"60":{"start":{"line":96,"column":21},"end":{"line":104,"column":4}},"61":{"start":{"line":106,"column":2},"end":{"line":111,"column":3}},"62":{"start":{"line":107,"column":20},"end":{"line":107,"column":43}},"63":{"start":{"line":108,"column":4},"end":{"line":108,"column":21}},"64":{"start":{"line":110,"column":4},"end":{"line":110,"column":13}},"65":{"start":{"line":114,"column":0},"end":{"line":153,"column":2}},"66":{"start":{"line":115,"column":36},"end":{"line":115,"column":44}},"67":{"start":{"line":116,"column":24},"end":{"line":116,"column":49}},"68":{"start":{"line":117,"column":16},"end":{"line":117,"column":42}},"69":{"start":{"line":119,"column":2},"end":{"line":119,"column":26}},"70":{"start":{"line":120,"column":2},"end":{"line":120,"column":65}},"71":{"start":{"line":120,"column":27},"end":{"line":120,"column":65}},"72":{"start":{"line":124,"column":2},"end":{"line":124,"column":98}},"73":{"start":{"line":124,"column":59},"end":{"line":124,"column":98}},"74":{"start":{"line":125,"column":2},"end":{"line":125,"column":67}},"75":{"start":{"line":125,"column":30},"end":{"line":125,"column":67}},"76":{"start":{"line":127,"column":16},"end":{"line":127,"column":20}},"77":{"start":{"line":129,"column":2},"end":{"line":133,"column":3}},"78":{"start":{"line":130,"column":4},"end":{"line":130,"column":46}},"79":{"start":{"line":132,"column":4},"end":{"line":132,"column":20}},"80":{"start":{"line":135,"column":28},"end":{"line":137,"column":54}},"81":{"start":{"line":139,"column":2},"end":{"line":139,"column":67}},"82":{"start":{"line":139,"column":26},"end":{"line":139,"column":67}},"83":{"start":{"line":143,"column":21},"end":{"line":143,"column":23}},"84":{"start":{"line":144,"column":25},"end":{"line":144,"column":67}},"85":{"start":{"line":145,"column":2},"end":{"line":145,"column":35}},"86":{"start":{"line":147,"column":2},"end":{"line":152,"column":3}},"87":{"start":{"line":148,"column":4},"end":{"line":148,"column":24}},"88":{"start":{"line":149,"column":4},"end":{"line":149,"column":55}},"89":{"start":{"line":151,"column":4},"end":{"line":151,"column":20}},"90":{"start":{"line":155,"column":0},"end":{"line":182,"column":2}},"91":{"start":{"line":156,"column":23},"end":{"line":156,"column":33}},"92":{"start":{"line":158,"column":2},"end":{"line":158,"column":23}},"93":{"start":{"line":160,"column":13},"end":{"line":160,"column":17}},"94":{"start":{"line":162,"column":2},"end":{"line":166,"column":3}},"95":{"start":{"line":163,"column":4},"end":{"line":163,"column":46}},"96":{"start":{"line":165,"column":4},"end":{"line":165,"column":20}},"97":{"start":{"line":168,"column":2},"end":{"line":168,"column":55}},"98":{"start":{"line":168,"column":20},"end":{"line":168,"column":55}},"99":{"start":{"line":170,"column":2},"end":{"line":174,"column":3}},"100":{"start":{"line":171,"column":15},"end":{"line":171,"column":50}},"101":{"start":{"line":172,"column":4},"end":{"line":172,"column":90}},"102":{"start":{"line":172,"column":44},"end":{"line":172,"column":89}},"103":{"start":{"line":173,"column":4},"end":{"line":173,"column":19}},"104":{"start":{"line":176,"column":2},"end":{"line":181,"column":3}},"105":{"start":{"line":177,"column":4},"end":{"line":177,"column":41}},"106":{"start":{"line":178,"column":4},"end":{"line":178,"column":46}},"107":{"start":{"line":180,"column":4},"end":{"line":180,"column":20}},"108":{"start":{"line":184,"column":0},"end":{"line":184,"column":23}}},"fnMap":{"0":{"name":"(anonymous_0)","decl":{"start":{"line":8,"column":16},"end":{"line":8,"column":17}},"loc":{"start":{"line":8,"column":36},"end":{"line":11,"column":1}},"line":8},"1":{"name":"(anonymous_1)","decl":{"start":{"line":13,"column":39},"end":{"line":13,"column":40}},"loc":{"start":{"line":13,"column":65},"end":{"line":32,"column":1}},"line":13},"2":{"name":"(anonymous_2)","decl":{"start":{"line":35,"column":31},"end":{"line":35,"column":32}},"loc":{"start":{"line":35,"column":57},"end":{"line":57,"column":1}},"line":35},"3":{"name":"(anonymous_3)","decl":{"start":{"line":60,"column":27},"end":{"line":60,"column":28}},"loc":{"start":{"line":60,"column":53},"end":{"line":75,"column":1}},"line":60},"4":{"name":"(anonymous_4)","decl":{"start":{"line":77,"column":17},"end":{"line":77,"column":18}},"loc":{"start":{"line":77,"column":43},"end":{"line":112,"column":1}},"line":77},"5":{"name":"(anonymous_5)","decl":{"start":{"line":114,"column":16},"end":{"line":114,"column":17}},"loc":{"start":{"line":114,"column":42},"end":{"line":153,"column":1}},"line":114},"6":{"name":"(anonymous_6)","decl":{"start":{"line":155,"column":28},"end":{"line":155,"column":29}},"loc":{"start":{"line":155,"column":54},"end":{"line":182,"column":1}},"line":155},"7":{"name":"(anonymous_7)","decl":{"start":{"line":172,"column":37},"end":{"line":172,"column":38}},"loc":{"start":{"line":172,"column":44},"end":{"line":172,"column":89}},"line":172}},"branchMap":{"0":{"loc":{"start":{"line":18,"column":2},"end":{"line":18,"column":65}},"type":"if","locations":[{"start":{"line":18,"column":2},"end":{"line":18,"column":65}},{"start":{},"end":{}}],"line":18},"1":{"loc":{"start":{"line":18,"column":6},"end":{"line":18,"column":25}},"type":"binary-expr","locations":[{"start":{"line":18,"column":6},"end":{"line":18,"column":12}},{"start":{"line":18,"column":16},"end":{"line":18,"column":25}}],"line":18},"2":{"loc":{"start":{"line":19,"column":2},"end":{"line":19,"column":72}},"type":"if","locations":[{"start":{"line":19,"column":2},"end":{"line":19,"column":72}},{"start":{},"end":{}}],"line":19},"3":{"loc":{"start":{"line":29,"column":2},"end":{"line":29,"column":58}},"type":"if","locations":[{"start":{"line":29,"column":2},"end":{"line":29,"column":58}},{"start":{},"end":{}}],"line":29},"4":{"loc":{"start":{"line":40,"column":2},"end":{"line":40,"column":65}},"type":"if","locations":[{"start":{"line":40,"column":2},"end":{"line":40,"column":65}},{"start":{},"end":{}}],"line":40},"5":{"loc":{"start":{"line":40,"column":6},"end":{"line":40,"column":25}},"type":"binary-expr","locations":[{"start":{"line":40,"column":6},"end":{"line":40,"column":12}},{"start":{"line":40,"column":16},"end":{"line":40,"column":25}}],"line":40},"6":{"loc":{"start":{"line":41,"column":2},"end":{"line":41,"column":72}},"type":"if","locations":[{"start":{"line":41,"column":2},"end":{"line":41,"column":72}},{"start":{},"end":{}}],"line":41},"7":{"loc":{"start":{"line":53,"column":2},"end":{"line":53,"column":59}},"type":"if","locations":[{"start":{"line":53,"column":2},"end":{"line":53,"column":59}},{"start":{},"end":{}}],"line":53},"8":{"loc":{"start":{"line":65,"column":2},"end":{"line":65,"column":65}},"type":"if","locations":[{"start":{"line":65,"column":2},"end":{"line":65,"column":65}},{"start":{},"end":{}}],"line":65},"9":{"loc":{"start":{"line":65,"column":6},"end":{"line":65,"column":25}},"type":"binary-expr","locations":[{"start":{"line":65,"column":6},"end":{"line":65,"column":12}},{"start":{"line":65,"column":16},"end":{"line":65,"column":25}}],"line":65},"10":{"loc":{"start":{"line":66,"column":2},"end":{"line":66,"column":72}},"type":"if","locations":[{"start":{"line":66,"column":2},"end":{"line":66,"column":72}},{"start":{},"end":{}}],"line":66},"11":{"loc":{"start":{"line":80,"column":2},"end":{"line":87,"column":3}},"type":"if","locations":[{"start":{"line":80,"column":2},"end":{"line":87,"column":3}},{"start":{},"end":{}}],"line":80},"12":{"loc":{"start":{"line":81,"column":4},"end":{"line":85,"column":45}},"type":"binary-expr","locations":[{"start
[...]
,"/home/darkenmax06/Documentos/beta app/BETA-API/routes/teacherRoutes.js": {"path":"/home/darkenmax06/Documentos/beta app/BETA-API/routes/teacherRoutes.js","statementMap":{"0":{"start":{"line":1,"column":15},"end":{"line":1,"column":42}},"1":{"start":{"line":2,"column":16},"end":{"line":2,"column":44}},"2":{"start":{"line":3,"column":15},"end":{"line":3,"column":32}},"3":{"start":{"line":4,"column":19},"end":{"line":4,"column":49}},"4":{"start":{"line":5,"column":20},"end":{"line":5,"column":51}},"5":{"start":{"line":6,"column":18},"end":{"line":6,"column":48}},"6":{"start":{"line":7,"column":22},"end":{"line":7,"column":56}},"7":{"start":{"line":10,"column":0},"end":{"line":13,"column":2}},"8":{"start":{"line":11,"column":19},"end":{"line":11,"column":41}},"9":{"start":{"line":12,"column":2},"end":{"line":12,"column":20}},"10":{"start":{"line":15,"column":0},"end":{"line":34,"column":2}},"11":{"start":{"line":16,"column":23},"end":{"line":16,"column":33}},"12":{"start":{"line":17,"column":28},"end":{"line":17,"column":39}},"13":{"start":{"line":18,"column":16},"end":{"line":18,"column":42}},"14":{"start":{"line":20,"column":2},"end":{"line":20,"column":65}},"15":{"start":{"line":20,"column":27},"end":{"line":20,"column":65}},"16":{"start":{"line":21,"column":2},"end":{"line":21,"column":72}},"17":{"start":{"line":21,"column":36},"end":{"line":21,"column":72}},"18":{"start":{"line":23,"column":16},"end":{"line":23,"column":20}},"19":{"start":{"line":25,"column":2},"end":{"line":29,"column":3}},"20":{"start":{"line":26,"column":4},"end":{"line":26,"column":49}},"21":{"start":{"line":28,"column":4},"end":{"line":28,"column":20}},"22":{"start":{"line":31,"column":2},"end":{"line":31,"column":58}},"23":{"start":{"line":31,"column":23},"end":{"line":31,"column":58}},"24":{"start":{"line":32,"column":2},"end":{"line":32,"column":26}},"25":{"start":{"line":36,"column":0},"end":{"line":56,"column":2}},"26":{"start":{"line":37,"column":19},"end":{"line":37,"column":29}},"27":{"start":{"line":38,"column":28},"end":{"line":38,"column":39}},"28":{"start":{"line":39,"column":16},"end":{"line":39,"column":42}},"29":{"start":{"line":41,"column":2},"end":{"line":41,"column":65}},"30":{"start":{"line":41,"column":27},"end":{"line":41,"column":65}},"31":{"start":{"line":42,"column":2},"end":{"line":42,"column":72}},"32":{"start":{"line":42,"column":36},"end":{"line":42,"column":72}},"33":{"start":{"line":44,"column":17},"end":{"line":44,"column":21}},"34":{"start":{"line":46,"column":2},"end":{"line":50,"column":3}},"35":{"start":{"line":47,"column":4},"end":{"line":47,"column":43}},"36":{"start":{"line":49,"column":4},"end":{"line":49,"column":20}},"37":{"start":{"line":52,"column":2},"end":{"line":52,"column":59}},"38":{"start":{"line":52,"column":24},"end":{"line":52,"column":59}},"39":{"start":{"line":54,"column":2},"end":{"line":54,"column":27}},"40":{"start":{"line":58,"column":0},"end":{"line":93,"column":2}},"41":{"start":{"line":59,"column":57},"end":{"line":59,"column":65}},"42":{"start":{"line":61,"column":2},"end":{"line":68,"column":3}},"43":{"start":{"line":67,"column":4},"end":{"line":67,"column":39}},"44":{"start":{"line":70,"column":23},"end":{"line":70,"column":55}},"45":{"start":{"line":71,"column":2},"end":{"line":71,"column":58}},"46":{"start":{"line":71,"column":20},"end":{"line":71,"column":58}},"47":{"start":{"line":73,"column":21},"end":{"line":73,"column":23}},"48":{"start":{"line":74,"column":23},"end":{"line":74,"column":62}},"49":{"start":{"line":75,"column":22},"end":{"line":75,"column":42}},"50":{"start":{"line":77,"column":21},"end":{"line":85,"column":4}},"51":{"start":{"line":87,"column":2},"end":{"line":92,"column":3}},"52":{"start":{"line":88,"column":20},"end":{"line":88,"column":43}},"53":{"start":{"line":89,"column":4},"end":{"line":89,"column":21}},"54":{"start":{"line":91,"column":4},"end":{"line":91,"column":13}},"55":{"start":{"line":95,"column":0},"end":{"line":133,"column":2}},"56":{"start":{"line":96,"column":36},"end":{"line":96,"column":44}},"57":{"start":{"line":97,"column":24},"end":{"line":97,"column":49}},"58":{"start":{"line":98,"column":16},"end":{"line":98,"column":42}},"59":{"start":{"line":100,"column":2},"end":{"line":100,"column":65}},"60":{"start":{"line":100,"column":27},"end":{"line":100,"column":65}},"61":{"start":{"line":104,"column":2},"end":{"line":104,"column":98}},"62":{"start":{"line":104,"column":59},"end":{"line":104,"column":98}},"63":{"start":{"line":105,"column":2},"end":{"line":105,"column":67}},"64":{"start":{"line":105,"column":30},"end":{"line":105,"column":67}},"65":{"start":{"line":107,"column":16},"end":{"line":107,"column":20}},"66":{"start":{"line":108,"column":2},"end":{"line":112,"column":3}},"67":{"start":{"line":109,"column":4},"end":{"line":109,"column":46}},"68":{"start":{"line":111,"column":4},"end":{"line":111,"column":20}},"69":{"start":{"line":114,"column":28},"end":{"line":116,"column":54}},"70":{"start":{"line":118,"column":2},"end":{"line":118,"column":67}},"71":{"start":{"line":118,"column":26},"end":{"line":118,"column":67}},"72":{"start":{"line":122,"column":21},"end":{"line":122,"column":23}},"73":{"start":{"line":123,"column":25},"end":{"line":123,"column":67}},"74":{"start":{"line":124,"column":2},"end":{"line":124,"column":35}},"75":{"start":{"line":126,"column":2},"end":{"line":132,"column":3}},"76":{"start":{"line":127,"column":4},"end":{"line":127,"column":24}},"77":{"start":{"line":128,"column":4},"end":{"line":128,"column":55}},"78":{"start":{"line":130,"column":4},"end":{"line":130,"column":20}},"79":{"start":{"line":131,"column":4},"end":{"line":131,"column":35}},"80":{"start":{"line":135,"column":0},"end":{"line":155,"column":2}},"81":{"start":{"line":136,"column":23},"end":{"line":136,"column":31}},"82":{"start":{"line":138,"column":15},"end":{"line":138,"column":50}},"83":{"start":{"line":139,"column":2},"end":{"line":139,"column":19}},"84":{"start":{"line":141,"column":2},"end":{"line":146,"column":3}},"85":{"start":{"line":142,"column":15},"end":{"line":142,"column":50}},"86":{"start":{"line":143,"column":4},"end":{"line":143,"column":88}},"87":{"start":{"line":143,"column":54},"end":{"line":143,"column":87}},"88":{"start":{"line":144,"column":4},"end":{"line":144,"column":21}},"89":{"start":{"line":145,"column":4},"end":{"line":145,"column":19}},"90":{"start":{"line":148,"column":2},"end":{"line":150,"column":3}},"91":{"start":{"line":149,"column":4},"end":{"line":149,"column":51}},"92":{"start":{"line":151,"column":2},"end":{"line":151,"column":39}},"93":{"start":{"line":152,"column":2},"end":{"line":152,"column":44}},"94":{"start":{"line":157,"column":0},"end":{"line":157,"column":23}}},"fnMap":{"0":{"name":"(anonymous_0)","decl":{"start":{"line":10,"column":16},"end":{"line":10,"column":17}},"loc":{"start":{"line":10,"column":36},"end":{"line":13,"column":1}},"line":10},"1":{"name":"(anonymous_1)","decl":{"start":{"line":15,"column":39},"end":{"line":15,"column":40}},"loc":{"start":{"line":15,"column":65},"end":{"line":34,"column":1}},"line":15},"2":{"name":"(anonymous_2)","decl":{"start":{"line":36,"column":31},"end":{"line":36,"column":32}},"loc":{"start":{"line":36,"column":57},"end":{"line":56,"column":1}},"line":36},"3":{"name":"(anonymous_3)","decl":{"start":{"line":58,"column":17},"end":{"line":58,"column":18}},"loc":{"start":{"line":58,"column":43},"end":{"line":93,"column":1}},"line":58},"4":{"name":"(anonymous_4)","decl":{"start":{"line":95,"column":16},"end":{"line":95,"column":17}},"loc":{"start":{"line":95,"column":42},"end":{"line":133,"column":1}},"line":95},"5":{"name":"(anonymous_5)","decl":{"start":{"line":135,"column":19},"end":{"line":135,"column":20}},"loc":{"start":{"line":135,"column":39},"end":{"line":155,"column":1}},"line":135},"6":{"name":"(anonymous_6)","decl":{"start":{"line":143,"column":47},"end":{"line":143,"column":48}},"loc":{"start":{"line":143,"column":54},"end":{"line":143,"column":87}},"line":143}},"branchMap":{"0":{"loc":{"start":{"line":20,"column":2},"end":{"line":20,"column":65}},"type":"if","locations":[{"start":{"line":20,"column":2},"end":{"line":20,"column":65}},{"start":{},"end":{}}],"line":20},"1":{"loc":{"start":{"line":20,"column":6},"end":{"line":20,"column":25}},"type":"binary-expr","locations":[{"start":{"line":20,"column":6},"end":{"line":20,"column":12}},{"start":{"line":20,"column":16},"end":{"line":20,"column":25}}],"line":20},"2":{"loc":{"start":{"line":21,"column":2},"end":{"line":21,"column":72}},"type":"if","locations":[{"start":{"line":21,"column":2},"end":{"line":21,"column":72}},{"start":{},"end":{}}],"line":21},"3":{"loc":{"start":{"line":31,"column":2},"end":{"line":31,"column":58}},"type":"if","locations":[{"start":{"line":31,"column":2},"end":{"line":31,"column":58}},{"start":{},"end":{}}],"line":31},"4":{"loc":{"start":{"line":41,"column":2},"end":{"line":41,"column":65}},"type":"if","locations":[{"start":{"line":41,"column":2},"end":{"line":41,"column":65}},{"start":{},"end":{}}],"line":41},"5":{"loc":{"start":{"line":41,"column":6},"end":{"line":41,"column":25}},"type":"binary-expr","locations":[{"start":{"line":41,"column":6},"end":{"line":41,"column":12}},{"start":{"line":41,"column":16},"end":{"line":41,"column":25}}],"line":41},"6":{"loc":{"start":{"line":42,"column":2},"end":{"line":42,"column":72}},"type":"if","locations":[{"start":{"line":42,"column":2},"end":{"line":42,"column":72}},{"start":{},"end":{}}],"line":42},"7":{"loc":{"start":{"line":52,"column":2},"end":{"line":52,"column":59}},"type":"if","locations":[{"start":{"line":52,"column":2},"end":{"line":52,"column":59}},{"start":{},"end":{}}],"line":52},"8":{"loc":{"start":{"line":61,"column":2},"end":{"line":68,"column":3}},"type":"if","locations":[{"start":{"line":61,"column":2},"end":{"line":68,"column":3}},{"start":{},"end":{}}],"line":61},"9":{"loc":{"start":{"line":62,"column":4},"end":{"line":66,"column":64}},"type":"binary-expr","locations":[{"start":{"line":62,"column":5},"end":{"line":62,"column":22}},{"start":{"line":62,"column":26},"end":{"line":62,"column":38}},{"start":{"line":63,"column":5},"end":{"line":63,"column":26}},{"start":{"line":63,"column":30},"end":{"line":63,"column":46}},{"start":{"line":64,"column":5},"end":{"line":64,"column":23}},{"start":{"line":64,"column":27},"end":{"line":64,"column":40}},{"start":{"line":65,"column":5},"end":{"line":65,"column":29}},{"start":{"line":65,"column":33},"end":{"line":65,"column":52}},{"start":{"line":66,"column":5},"end":{"line":66,"column":24}},{"start":{"line":66,"column":28},"end":{"line":66,"column":42}},{"start":{"line":66,"column":46},"end":{"line":66,"column":63}}],"line":62},"10":{"loc":{"start":{"line":71,"column":2},"end":{"line":71,"column":58}},"type":"if","locations":[{"start":{"line":71,"column":2},"end":{"line":71,"column":58}},{"start":{},"end":{}}],"line":71},"11":{"loc":{"start":{"line":100,"column":2},"end":{"line":100,"column":65}},"type":"if","locations":[{"start":{"line":100,"column":2},"end":{"line":100,"column":65}},{"start":{},"end":{}}],"line":100},"12":{"loc":{"start":{"line":100,"column":6},"end":{"line":100,"column":25}},"type":"binary-expr","locations":[{"start":{"line":100,"column":6},"end":{"line":100,"column":12}},{"start":{"line":100,"column":16},"end":{"line":100,"column":25}}],"line":100},"13":{"loc":{"start":{"line":104,"column":2},"end":{"line":104,"column":98}},"type":"if","locations":[{"start":{"line":104,"column":2},"end":{"line":104,"column":98}},{"start":{},"end":{}}],"line":104},"14":{"loc":{"start":{"line":104,"column":6},"end":{"line":104,"column":57}},"type":"binary-expr","locations":[{"start":{"line":104,"column":6},"end":{"line":104,"column":31}},{"start":{"line":104,"column":35},"end":{"line":104,"column":57}}],"line":104},"15":{"loc":{"start":{"line":105,"column":2},"end":{"line":105,"column":67}},"type":"if","locations":[{"start":{"line":105,"column":2},"end":{"line":105,"column":67}},{"start":{},"end":{}}],"line":105},"16":{"loc":{"start":{"line":114,"column":28},"end":{"line":116,"column":54}},"type":"cond-expr","locations":[{"start":{"line":115,"column":6},"end":{"line":115,"column":11}},{"start":{"line":116,"column":6},"end":{"line":116,"column":54}}],"line":114},"17":{"loc":{"start":{"line":118,"column":2},"end":{"line":118,"column":67}},"type":"if","locations":[{"start":{"line":118,"column":2},"end":{"line":118,"column":67}},{"start":{},"end":{}}],"line":118}},"s":{"0":2,"1":2,"2":2,"3":2,"4":2,"5":2,"6":2,"7":2,"8":1,"9":1,"10":2,"11":3,"12":3,"13":3,"14":3,"15":0,"16":3,"17":0,"18":3,"19":3,"20":3,"21":0,"22":3,"23":0,"24":3,"25":2,"26":0,"27":0,"28":0,"29":0,"30":0,"31":0,"32":0,"33":0,"34":0,"35":0,"36":0,"37":0,"38":0,"39":0,"40":2,"41":5,"42":5,"43":1,"44":4,"45":4,"46":1,"47":3,"48":3,"49":3,"50":3,"51":3,"52":3,"53":3,"54":0,"55":2,"56":1,"57":1,"58":1,"59":1,"60":0,"61":1,"62":0,"63":1,"64":0,"65":1,"66":1,"67":1,"68":0,"69":1,"70":1,"71":0,"72":1,"73":1,"74":1,"75":1,"76":1,"77":1,"78":0,"79":0,"80":2,"81":0,"82":0,"83":0,"84":0,"85":0,"86":0,"87":0,"88":0,"89":0,"90":0,"91":0,"92":0,"93":0,"94":2},"f":{"0":1,"1":3,"2":0,"3":5,"4":1,"5":0,"6":0},"b":{"0":[0,3],"1":[3,3],"2":[0,3],"3":[0,3],"4":[0,0],"5":[0,0],"6":[0,0],"7":[0,0],"8":[1,4],"9":[5,5,5,5,5,5,5,5,5,4,4],"10":[1,3],"11":[0,1],"12":[1,1],"13":[0,1],"14":[1,1],"15":[0,1],"16":[0,1],"17":[0,1]},"_coverageSchema":"1a1c01bbd47fc00a2c39e90264f33305004495a9","hash":"e054fa0d9f60418a67147283866a2b55b1cf0462"}
,"/home/darkenmax06/Documentos/beta app/BETA-API/test/helpers/helpers.js": {"path":"/home/darkenmax06/Documentos/beta app/BETA-API/test/helpers/helpers.js","statementMap":{"0":{"start":{"line":1,"column":16},"end":{"line":1,"column":38}},"1":{"start":{"line":2,"column":18},"end":{"line":2,"column":38}},"2":{"start":{"line":4,"column":12},"end":{"line":4,"column":26}},"3":{"start":{"line":6,"column":15},"end":{"line":14,"column":1}},"4":{"start":{"line":17,"column":17},"end":{"line":61,"column":1}},"5":{"start":{"line":63,"column":17},"end":{"line":77,"column":1}},"6":{"start":{"line":79,"column":21},"end":{"line":94,"column":1}},"7":{"start":{"line":80,"column":20},"end":{"line":80,"column":31}},"8":{"start":{"line":81,"column":28},"end":{"line":84,"column":5}},"9":{"start":{"line":86,"column":18},"end":{"line":88,"column":52}},"10":{"start":{"line":89,"column":4},"end":{"line":89,"column":46}},"11":{"start":{"line":91,"column":18},"end":{"line":91,"column":46}},"12":{"start":{"line":93,"column":4},"end":{"line":93,"column":29}},"13":{"start":{"line":96,"column":21},"end":{"line":111,"column":1}},"14":{"start":{"line":97,"column":20},"end":{"line":97,"column":31}},"15":{"start":{"line":98,"column":28},"end":{"line":101,"column":5}},"16":{"start":{"line":103,"column":18},"end":{"line":105,"column":52}},"17":{"start":{"line":106,"column":4},"end":{"line":106,"column":46}},"18":{"start":{"line":108,"column":18},"end":{"line":108,"column":46}},"19":{"start":{"line":110,"column":4},"end":{"line":110,"column":29}},"20":{"start":{"line":115,"column":0},"end":{"line":121,"column":1}}},"fnMap":{"0":{"name":"(anonymous_0)","decl":{"start":{"line":79,"column":21},"end":{"line":79,"column":22}},"loc":{"start":{"line":79,"column":33},"end":{"line":94,"column":1}},"line":79},"1":{"name":"(anonymous_1)","decl":{"start":{"line":96,"column":21},"end":{"line":96,"column":22}},"loc":{"start":{"line":96,"column":33},"end":{"line":111,"column":1}},"line":96}},"branchMap":{},"s":{"0":2,"1":2,"2":2,"3":2,"4":2,"5":2,"6":2,"7":15,"8":15,"9":15,"10":15,"11":15,"12":15,"13":2,"14":4,"15":4,"16":4,"17":4,"18":4,"19":4,"20":2},"f":{"0":15,"1":4},"b":{},"_coverageSchema":"1a1c01bbd47fc00a2c39e90264f33305004495a9","hash":"2dd1cdb2fe7974549a6da142e926529f3db8d41b"}
,"/home/darkenmax06/Documentos/beta app/BETA-API/utils/decodeToken.js": {"path":"/home/darkenmax06/Documentos/beta app/BETA-API/utils/decodeToken.js","statementMap":{"0":{"start":{"line":2,"column":12},"end":{"line":2,"column":35}},"1":{"start":{"line":5,"column":14},"end":{"line":5,"column":16}},"2":{"start":{"line":7,"column":2},"end":{"line":9,"column":3}},"3":{"start":{"line":8,"column":4},"end":{"line":8,"column":39}},"4":{"start":{"line":11,"column":21},"end":{"line":11,"column":23}},"5":{"start":{"line":13,"column":2},"end":{"line":16,"column":3}},"6":{"start":{"line":14,"column":4},"end":{"line":14,"column":61}},"7":{"start":{"line":18,"column":2},"end":{"line":18,"column":21}},"8":{"start":{"line":22,"column":0},"end":{"line":22,"column":28}}},"fnMap":{"0":{"name":"decodeToken","decl":{"start":{"line":4,"column":9},"end":{"line":4,"column":20}},"loc":{"start":{"line":4,"column":36},"end":{"line":20,"column":1}},"line":4}},"branchMap":{"0":{"loc":{"start":{"line":7,"column":2},"end":{"line":9,"column":3}},"type":"if","locations":[{"start":{"line":7,"column":2},"end":{"line":9,"column":3}},{"start":{},"end":{}}],"line":7},"1":{"loc":{"start":{"line":7,"column":6},"end":{"line":7,"column":71}},"type":"binary-expr","locations":[{"start":{"line":7,"column":6},"end":{"line":7,"column":19}},{"start":{"line":7,"column":23},"end":{"line":7,"column":71}}],"line":7}},"s":{"0":2,"1":25,"2":25,"3":25,"4":25,"5":25,"6":25,"7":25,"8":2},"f":{"0":25},"b":{"0":[25,0],"1":[25,25]},"_coverageSchema":"1a1c01bbd47fc00a2c39e90264f33305004495a9","hash":"dd772a81745fc77c1a400d3a2ba4581e47ddbe51"}
,"/home/darkenmax06/Documentos/beta app/BETA-API/utils/generateID.js": {"path":"/home/darkenmax06/Documentos/beta app/BETA-API/utils/generateID.js","statementMap":{"0":{"start":{"line":2,"column":11},"end":{"line":2,"column":13}},"1":{"start":{"line":3,"column":2},"end":{"line":5,"column":3}},"2":{"start":{"line":3,"column":13},"end":{"line":3,"column":14}},"3":{"start":{"line":4,"column":4},"end":{"line":4,"column":39}},"4":{"start":{"line":7,"column":2},"end":{"line":7,"column":11}},"5":{"start":{"line":10,"column":0},"end":{"line":10,"column":27}}},"fnMap":{"0":{"name":"generateID","decl":{"start":{"line":1,"column":9},"end":{"line":1,"column":19}},"loc":{"start":{"line":1,"column":27},"end":{"line":8,"column":1}},"line":1}},"branchMap":{},"s":{"0":17,"1":17,"2":17,"3":85,"4":17,"5":2},"f":{"0":17},"b":{},"_coverageSchema":"1a1c01bbd47fc00a2c39e90264f33305004495a9","hash":"f12ef28dd13583f4e5427385d7a740df6ed3560c"}
}
