TN:
SF:errorHandler.js
FN:1,errorHandler
FN:11,(anonymous_1)
FN:12,(anonymous_2)
FN:13,(anonymous_3)
FN:15,(anonymous_4)
FN:16,(anonymous_5)
FN:17,(anonymous_6)
FN:18,(anonymous_7)
FN:19,(anonymous_8)
FN:20,(anonymous_9)
FN:21,(anonymous_10)
FN:22,(anonymous_11)
FN:23,(anonymous_12)
FN:26,(anonymous_13)
FN:28,(anonymous_14)
FN:29,(anonymous_15)
FNF:16
FNH:5
FNDA:13,errorHandler
FNDA:0,(anonymous_1)
FNDA:0,(anonymous_2)
FNDA:6,(anonymous_3)
FNDA:0,(anonymous_4)
FNDA:0,(anonymous_5)
FNDA:0,(anonymous_6)
FNDA:0,(anonymous_7)
FNDA:0,(anonymous_8)
FNDA:1,(anonymous_9)
FNDA:0,(anonymous_10)
FNDA:2,(anonymous_11)
FNDA:0,(anonymous_12)
FNDA:4,(anonymous_13)
FNDA:0,(anonymous_14)
FNDA:0,(anonymous_15)
DA:2,13
DA:3,13
DA:4,13
DA:6,13
DA:11,0
DA:12,0
DA:13,6
DA:15,0
DA:16,0
DA:17,0
DA:18,0
DA:19,0
DA:20,1
DA:21,0
DA:22,2
DA:23,0
DA:26,4
DA:28,0
DA:29,0
DA:32,13
DA:37,2
LF:21
LH:10
BRDA:32,0,0,13
BRDA:32,0,1,0
BRF:2
BRH:1
end_of_record
TN:
SF:index.js
FN:53,(anonymous_0)
FN:83,(anonymous_1)
FN:93,(anonymous_2)
FNF:3
FNH:2
FNDA:95,(anonymous_0)
FNDA:0,(anonymous_1)
FNDA:2,(anonymous_2)
DA:1,2
DA:2,2
DA:3,2
DA:4,2
DA:5,2
DA:6,2
DA:8,2
DA:9,2
DA:10,2
DA:11,2
DA:12,2
DA:13,2
DA:14,2
DA:15,2
DA:17,2
DA:49,2
DA:51,2
DA:53,2
DA:54,95
DA:55,95
DA:56,95
DA:57,95
DA:61,2
DA:62,2
DA:63,2
DA:64,2
DA:73,2
DA:74,2
DA:75,2
DA:76,2
DA:77,2
DA:78,2
DA:79,2
DA:83,2
DA:84,0
DA:87,2
DA:91,2
DA:93,2
DA:94,2
DA:97,2
LF:40
LH:39
BRDA:91,0,0,2
BRDA:91,0,1,0
BRF:2
BRH:1
end_of_record
TN:
SF:mongodb.js
FN:13,(anonymous_0)
FN:14,(anonymous_1)
FNF:2
FNH:1
FNDA:2,(anonymous_0)
FNDA:0,(anonymous_1)
DA:1,2
DA:3,2
DA:7,2
DA:12,2
DA:13,2
DA:14,0
LF:6
LH:5
BRDA:3,0,0,2
BRDA:3,0,1,0
BRF:2
BRH:1
end_of_record
TN:
SF:models/Announcements.js
FN:20,(anonymous_0)
FN:32,(anonymous_1)
FN:45,(anonymous_2)
FNF:3
FNH:3
FNDA:6,(anonymous_0)
FNDA:2,(anonymous_1)
FNDA:3,(anonymous_2)
DA:1,2
DA:3,2
DA:20,2
DA:21,6
DA:29,6
DA:32,2
DA:33,2
DA:41,2
DA:44,2
DA:46,3
DA:47,3
DA:48,3
DA:52,2
LF:13
LH:13
BRF:0
BRH:0
end_of_record
TN:
SF:models/ClassRoom.js
FN:52,(anonymous_0)
FNF:1
FNH:1
FNDA:24,(anonymous_0)
DA:1,2
DA:3,2
DA:51,2
DA:53,24
DA:54,24
DA:55,24
DA:59,2
DA:63,2
LF:8
LH:8
BRF:0
BRH:0
end_of_record
TN:
SF:models/Homework.js
FN:33,(anonymous_0)
FNF:1
FNH:1
FNDA:3,(anonymous_0)
DA:1,2
DA:3,2
DA:32,2
DA:34,3
DA:35,3
DA:36,3
DA:40,2
LF:7
LH:7
BRF:0
BRH:0
end_of_record
TN:
SF:models/Score.js
FN:18,(anonymous_0)
FNF:1
FNH:1
FNDA:3,(anonymous_0)
DA:1,2
DA:3,2
DA:17,2
DA:19,3
DA:20,3
DA:21,3
DA:25,2
DA:28,2
LF:8
LH:8
BRF:0
BRH:0
end_of_record
TN:
SF:models/Student.js
FN:35,(anonymous_0)
FNF:1
FNH:1
FNDA:58,(anonymous_0)
DA:1,2
DA:3,2
DA:34,2
DA:36,58
DA:37,58
DA:38,58
DA:42,2
DA:46,2
LF:8
LH:8
BRF:0
BRH:0
end_of_record
TN:
SF:models/Task.js
FN:18,(anonymous_0)
FNF:1
FNH:0
FNDA:0,(anonymous_0)
DA:1,2
DA:3,2
DA:17,2
DA:19,0
DA:20,0
DA:21,0
DA:25,2
LF:7
LH:4
BRF:0
BRH:0
end_of_record
TN:
SF:models/Teacher.js
FN:26,(anonymous_0)
FNF:1
FNH:1
FNDA:37,(anonymous_0)
DA:1,2
DA:3,2
DA:25,2
DA:27,37
DA:28,37
DA:29,37
DA:33,2
DA:37,2
LF:8
LH:8
BRF:0
BRH:0
end_of_record
TN:
SF:routes/announcementsRoutes.js
FN:10,(anonymous_0)
FN:15,(anonymous_1)
FN:35,(anonymous_2)
FN:48,(anonymous_3)
FN:61,(anonymous_4)
FN:140,(anonymous_5)
FN:165,(anonymous_6)
FN:176,(anonymous_7)
FNF:8
FNH:5
FNDA:2,(anonymous_0)
FNDA:0,(anonymous_1)
FNDA:0,(anonymous_2)
FNDA:0,(anonymous_3)
FNDA:4,(anonymous_4)
FNDA:3,(anonymous_5)
FNDA:1,(anonymous_6)
FNDA:2,(anonymous_7)
DA:1,2
DA:2,2
DA:3,2
DA:4,2
DA:5,2
DA:6,2
DA:7,2
DA:8,2
DA:10,2
DA:11,2
DA:12,2
DA:15,2
DA:16,0
DA:17,0
DA:18,0
DA:19,0
DA:27,0
DA:30,0
DA:34,2
DA:36,0
DA:42,2
DA:49,0
DA:50,0
DA:51,0
DA:53,0
DA:54,0
DA:61,2
DA:62,4
DA:63,4
DA:64,4
DA:65,4
DA:66,4
DA:68,4
DA:69,4
DA:71,3
DA:73,2
DA:74,2
DA:75,2
DA:77,0
DA:80,2
DA:82,2
DA:83,2
DA:85,2
DA:86,1
DA:88,1
DA:89,1
DA:91,0
DA:94,1
DA:97,1
DA:102,2
DA:105,2
DA:115,2
DA:116,2
DA:118,0
DA:121,2
DA:122,1
DA:123,1
DA:124,1
DA:126,0
DA:130,2
DA:131,2
DA:132,2
DA:134,0
DA:137,2
DA:140,2
DA:141,3
DA:142,3
DA:143,3
DA:145,3
DA:146,3
DA:148,2
DA:149,2
DA:150,0
DA:151,2
DA:152,1
DA:154,1
DA:155,1
DA:156,0
DA:157,1
DA:158,1
DA:160,1
DA:161,1
DA:162,1
DA:163,1
DA:164,1
DA:165,1
DA:166,1
DA:167,1
DA:168,1
DA:170,0
DA:175,1
DA:176,2
DA:177,1
DA:178,1
DA:180,0
DA:183,1
DA:184,1
DA:185,1
DA:187,0
DA:191,2
LF:100
LH:78
BRDA:53,0,0,0
BRDA:53,0,1,0
BRDA:53,1,0,0
BRDA:53,1,1,0
BRDA:68,2,0,0
BRDA:68,2,1,4
BRDA:68,3,0,4
BRDA:68,3,1,4
BRDA:69,4,0,1
BRDA:69,4,1,3
BRDA:71,5,0,1
BRDA:71,5,1,2
BRDA:71,6,0,3
BRDA:71,6,1,3
BRDA:80,7,0,0
BRDA:80,7,1,2
BRDA:85,8,0,1
BRDA:85,8,1,1
BRDA:89,9,0,1
BRDA:89,9,1,0
BRDA:94,10,0,0
BRDA:94,10,1,1
BRDA:102,11,0,0
BRDA:102,11,1,2
BRDA:111,12,0,1
BRDA:111,12,1,1
BRDA:121,13,0,1
BRDA:121,13,1,1
BRDA:145,14,0,0
BRDA:145,14,1,3
BRDA:145,15,0,3
BRDA:145,15,1,3
BRDA:146,16,0,1
BRDA:146,16,1,2
BRDA:151,17,0,1
BRDA:151,17,1,1
BRDA:157,18,0,0
BRDA:157,18,1,1
BRDA:161,19,0,1
BRDA:161,19,1,0
BRDA:163,20,0,0
BRDA:163,20,1,1
BRF:42
BRH:29
end_of_record
TN:
SF:routes/classRoomRoutes.js
FN:9,(anonymous_0)
FN:15,(anonymous_1)
FN:35,(anonymous_2)
FN:110,(anonymous_3)
FN:131,(anonymous_4)
FN:133,(anonymous_5)
FN:134,(anonymous_6)
FN:151,(anonymous_7)
FNF:8
FNH:8
FNDA:15,(anonymous_0)
FNDA:8,(anonymous_1)
FNDA:3,(anonymous_2)
FNDA:1,(anonymous_3)
FNDA:4,(anonymous_4)
FNDA:4,(anonymous_5)
FNDA:4,(anonymous_6)
FNDA:1,(anonymous_7)
DA:1,2
DA:2,2
DA:3,2
DA:4,2
DA:5,2
DA:6,2
DA:7,2
DA:9,2
DA:10,15
DA:12,15
DA:15,2
DA:16,8
DA:17,8
DA:30,8
DA:32,8
DA:35,2
DA:36,3
DA:37,3
DA:38,3
DA:40,3
DA:41,3
DA:43,2
DA:45,1
DA:46,1
DA:47,1
DA:49,0
DA:52,1
DA:54,1
DA:61,1
DA:62,1
DA:63,1
DA:65,0
DA:68,1
DA:70,1
DA:71,4
DA:72,4
DA:82,4
DA:83,4
DA:84,4
DA:85,4
DA:88,1
DA:90,1
DA:92,1
DA:93,1
DA:94,1
DA:95,1
DA:104,1
DA:106,0
DA:110,2
DA:111,1
DA:112,1
DA:113,1
DA:115,1
DA:116,1
DA:117,1
DA:118,1
DA:119,1
DA:121,0
DA:125,1
DA:127,1
DA:128,4
DA:131,4
DA:133,4
DA:134,4
DA:135,4
DA:138,1
DA:139,0
DA:142,1
DA:144,1
DA:145,1
DA:147,0
DA:150,1
DA:151,1
DA:152,1
DA:154,1
DA:155,1
DA:156,1
DA:158,0
DA:162,2
LF:79
LH:72
BRDA:30,0,0,0
BRDA:30,0,1,8
BRDA:40,1,0,0
BRDA:40,1,1,3
BRDA:40,2,0,3
BRDA:40,2,1,3
BRDA:41,3,0,1
BRDA:41,3,1,2
BRDA:43,4,0,1
BRDA:43,4,1,1
BRDA:43,5,0,2
BRDA:43,5,1,2
BRDA:43,5,2,2
BRDA:52,6,0,0
BRDA:52,6,1,1
BRDA:115,7,0,0
BRDA:115,7,1,1
BRDA:115,8,0,1
BRDA:115,8,1,1
BRDA:116,9,0,0
BRDA:116,9,1,1
BRDA:125,10,0,0
BRDA:125,10,1,1
BRDA:150,11,0,0
BRDA:150,11,1,1
BRF:25
BRH:18
end_of_record
TN:
SF:routes/homeworksRoutes.js
FN:13,(anonymous_0)
FN:26,(anonymous_1)
FN:41,(anonymous_2)
FN:46,(anonymous_3)
FN:103,(anonymous_4)
FN:126,(anonymous_5)
FNF:6
FNH:2
FNDA:0,(anonymous_0)
FNDA:0,(anonymous_1)
FNDA:0,(anonymous_2)
FNDA:5,(anonymous_3)
FNDA:1,(anonymous_4)
FNDA:0,(anonymous_5)
DA:1,2
DA:2,2
DA:3,2
DA:4,2
DA:5,2
DA:8,2
DA:9,2
DA:10,2
DA:12,2
DA:14,0
DA:20,2
DA:27,0
DA:28,0
DA:29,0
DA:31,0
DA:32,0
DA:41,2
DA:42,0
DA:43,0
DA:46,2
DA:47,5
DA:48,5
DA:50,5
DA:51,5
DA:53,5
DA:54,5
DA:56,4
DA:58,4
DA:60,4
DA:62,2
DA:64,2
DA:65,2
DA:67,0
DA:70,2
DA:72,2
DA:74,2
DA:81,2
DA:82,2
DA:84,0
DA:87,2
DA:90,2
DA:91,2
DA:92,2
DA:94,0
DA:97,2
DA:98,2
DA:103,2
DA:104,1
DA:105,1
DA:106,1
DA:107,1
DA:108,1
DA:110,1
DA:111,1
DA:113,1
DA:114,1
DA:115,1
DA:117,0
DA:120,1
DA:122,1
DA:124,1
DA:125,0
DA:126,0
DA:128,0
DA:132,1
DA:133,1
DA:135,0
DA:138,1
DA:141,2
LF:69
LH:53
BRDA:31,0,0,0
BRDA:31,0,1,0
BRDA:31,1,0,0
BRDA:31,1,1,0
BRDA:53,2,0,0
BRDA:53,2,1,5
BRDA:53,3,0,5
BRDA:53,3,1,5
BRDA:54,4,0,1
BRDA:54,4,1,4
BRDA:56,5,0,0
BRDA:56,5,1,4
BRDA:60,6,0,2
BRDA:60,6,1,2
BRDA:60,7,0,4
BRDA:60,7,1,3
BRDA:60,7,2,3
BRDA:72,8,0,0
BRDA:72,8,1,2
BRDA:110,9,0,0
BRDA:110,9,1,1
BRDA:110,10,0,1
BRDA:110,10,1,1
BRDA:111,11,0,0
BRDA:111,11,1,1
BRDA:120,12,0,0
BRDA:120,12,1,1
BRDA:124,13,0,0
BRDA:124,13,1,1
BRF:29
BRH:18
end_of_record
TN:
SF:routes/login.js
FN:9,(anonymous_0)
FN:47,(anonymous_1)
FN:80,(anonymous_2)
FN:88,(anonymous_3)
FNF:4
FNH:1
FNDA:23,(anonymous_0)
FNDA:0,(anonymous_1)
FNDA:0,(anonymous_2)
FNDA:0,(anonymous_3)
DA:1,2
DA:2,2
DA:3,2
DA:4,2
DA:5,2
DA:6,2
DA:7,2
DA:9,2
DA:10,23
DA:12,23
DA:14,23
DA:15,23
DA:17,23
DA:18,23
DA:20,23
DA:22,23
DA:26,23
DA:28,23
DA:33,23
DA:34,23
DA:36,23
DA:41,0
DA:47,2
DA:48,0
DA:50,0
DA:52,0
DA:53,0
DA:55,0
DA:57,0
DA:59,0
DA:69,0
DA:80,0
DA:81,0
DA:84,0
DA:88,2
DA:89,0
DA:90,0
DA:92,0
DA:93,0
DA:95,0
DA:96,0
DA:98,0
DA:100,0
DA:102,0
DA:104,0
DA:106,0
DA:107,0
DA:108,0
DA:110,0
DA:114,2
LF:50
LH:24
BRDA:14,0,0,0
BRDA:14,0,1,23
BRDA:15,1,0,0
BRDA:15,1,1,23
BRDA:20,2,0,17
BRDA:20,2,1,6
BRDA:22,3,0,0
BRDA:22,3,1,23
BRDA:26,4,0,0
BRDA:26,4,1,23
BRDA:30,5,0,17
BRDA:30,5,1,6
BRDA:50,6,0,0
BRDA:50,6,1,0
BRDA:55,7,0,0
BRDA:55,7,1,0
BRDA:57,8,0,0
BRDA:57,8,1,0
BRDA:81,9,0,0
BRDA:81,9,1,0
BRDA:92,10,0,0
BRDA:92,10,1,0
BRDA:93,11,0,0
BRDA:93,11,1,0
BRDA:98,12,0,0
BRDA:98,12,1,0
BRDA:102,13,0,0
BRDA:102,13,1,0
BRF:28
BRH:8
end_of_record
TN:
SF:routes/scoreRoutes.js
FN:6,(anonymous_0)
FNF:1
FNH:1
FNDA:1,(anonymous_0)
DA:1,2
DA:2,2
DA:3,2
DA:4,2
DA:6,2
DA:7,1
DA:8,1
DA:9,1
DA:11,1
DA:12,1
DA:14,1
DA:16,1
DA:17,1
DA:19,0
DA:22,1
DA:24,1
DA:25,1
DA:26,1
DA:27,1
DA:29,1
DA:30,1
DA:32,0
DA:35,1
DA:37,1
DA:40,2
LF:25
LH:23
BRDA:11,0,0,0
BRDA:11,0,1,1
BRDA:11,1,0,1
BRDA:11,1,1,1
BRDA:12,2,0,0
BRDA:12,2,1,1
BRDA:22,3,0,0
BRDA:22,3,1,1
BRF:8
BRH:5
end_of_record
TN:
SF:routes/studentRoutes.js
FN:8,(anonymous_0)
FN:13,(anonymous_1)
FN:35,(anonymous_2)
FN:60,(anonymous_3)
FN:77,(anonymous_4)
FN:114,(anonymous_5)
FN:155,(anonymous_6)
FN:172,(anonymous_7)
FNF:8
FNH:3
FNDA:0,(anonymous_0)
FNDA:2,(anonymous_1)
FNDA:0,(anonymous_2)
FNDA:0,(anonymous_3)
FNDA:16,(anonymous_4)
FNDA:1,(anonymous_5)
FNDA:0,(anonymous_6)
FNDA:0,(anonymous_7)
DA:1,2
DA:2,2
DA:3,2
DA:4,2
DA:5,2
DA:6,2
DA:8,2
DA:9,0
DA:10,0
DA:13,2
DA:14,2
DA:15,2
DA:16,2
DA:18,2
DA:19,2
DA:23,2
DA:24,2
DA:26,0
DA:29,2
DA:30,2
DA:35,2
DA:36,0
DA:37,0
DA:38,0
DA:40,0
DA:41,0
DA:45,0
DA:46,0
DA:50,0
DA:53,0
DA:55,0
DA:60,2
DA:61,0
DA:62,0
DA:63,0
DA:65,0
DA:66,0
DA:68,0
DA:69,0
DA:70,0
DA:72,0
DA:74,0
DA:77,2
DA:78,16
DA:80,16
DA:86,1
DA:89,15
DA:90,15
DA:92,14
DA:93,14
DA:94,14
DA:96,14
DA:106,14
DA:107,14
DA:108,14
DA:110,0
DA:114,2
DA:115,1
DA:116,1
DA:117,1
DA:119,1
DA:120,1
DA:124,1
DA:125,1
DA:127,1
DA:129,1
DA:130,1
DA:132,0
DA:135,1
DA:139,1
DA:143,1
DA:144,1
DA:145,1
DA:147,1
DA:148,1
DA:149,1
DA:151,0
DA:155,2
DA:156,0
DA:158,0
DA:160,0
DA:162,0
DA:163,0
DA:165,0
DA:168,0
DA:170,0
DA:171,0
DA:172,0
DA:173,0
DA:176,0
DA:177,0
DA:178,0
DA:180,0
DA:184,2
LF:94
LH:53
BRDA:18,0,0,0
BRDA:18,0,1,2
BRDA:18,1,0,2
BRDA:18,1,1,2
BRDA:19,2,0,0
BRDA:19,2,1,2
BRDA:29,3,0,0
BRDA:29,3,1,2
BRDA:40,4,0,0
BRDA:40,4,1,0
BRDA:40,5,0,0
BRDA:40,5,1,0
BRDA:41,6,0,0
BRDA:41,6,1,0
BRDA:53,7,0,0
BRDA:53,7,1,0
BRDA:65,8,0,0
BRDA:65,8,1,0
BRDA:65,9,0,0
BRDA:65,9,1,0
BRDA:66,10,0,0
BRDA:66,10,1,0
BRDA:80,11,0,1
BRDA:80,11,1,15
BRDA:81,12,0,16
BRDA:81,12,1,16
BRDA:81,12,2,16
BRDA:81,12,3,16
BRDA:81,12,4,16
BRDA:81,12,5,16
BRDA:81,12,6,16
BRDA:81,12,7,15
BRDA:81,12,8,15
BRDA:81,12,9,15
BRDA:90,13,0,1
BRDA:90,13,1,14
BRDA:120,14,0,0
BRDA:120,14,1,1
BRDA:120,15,0,1
BRDA:120,15,1,1
BRDA:124,16,0,0
BRDA:124,16,1,1
BRDA:124,17,0,1
BRDA:124,17,1,1
BRDA:125,18,0,0
BRDA:125,18,1,1
BRDA:135,19,0,0
BRDA:135,19,1,1
BRDA:139,20,0,0
BRDA:139,20,1,1
BRDA:168,21,0,0
BRDA:168,21,1,0
BRF:52
BRH:28
end_of_record
TN:
SF:routes/taskRoutes.js
FN:13,(anonymous_0)
FN:26,(anonymous_1)
FN:39,(anonymous_2)
FN:44,(anonymous_3)
FN:99,(anonymous_4)
FN:119,(anonymous_5)
FN:129,(anonymous_6)
FNF:7
FNH:0
FNDA:0,(anonymous_0)
FNDA:0,(anonymous_1)
FNDA:0,(anonymous_2)
FNDA:0,(anonymous_3)
FNDA:0,(anonymous_4)
FNDA:0,(anonymous_5)
FNDA:0,(anonymous_6)
DA:1,2
DA:2,2
DA:3,2
DA:4,2
DA:5,2
DA:6,2
DA:8,2
DA:9,2
DA:10,2
DA:12,2
DA:14,0
DA:20,2
DA:27,0
DA:28,0
DA:29,0
DA:31,0
DA:32,0
DA:39,2
DA:40,0
DA:41,0
DA:44,2
DA:45,0
DA:46,0
DA:47,0
DA:48,0
DA:50,0
DA:51,0
DA:53,0
DA:55,0
DA:56,0
DA:58,0
DA:61,0
DA:63,0
DA:65,0
DA:66,0
DA:68,0
DA:70,0
DA:73,0
DA:75,0
DA:82,0
DA:83,0
DA:85,0
DA:88,0
DA:90,0
DA:91,0
DA:93,0
DA:96,0
DA:99,2
DA:100,0
DA:102,0
DA:104,0
DA:105,0
DA:107,0
DA:110,0
DA:111,0
DA:113,0
DA:114,0
DA:116,0
DA:119,0
DA:121,0
DA:122,0
DA:124,0
DA:127,0
DA:128,0
DA:129,0
DA:131,0
DA:136,0
DA:137,0
DA:139,0
DA:142,0
DA:145,2
LF:71
LH:15
BRDA:31,0,0,0
BRDA:31,0,1,0
BRDA:31,1,0,0
BRDA:31,1,1,0
BRDA:50,2,0,0
BRDA:50,2,1,0
BRDA:50,3,0,0
BRDA:50,3,1,0
BRDA:51,4,0,0
BRDA:51,4,1,0
BRDA:61,5,0,0
BRDA:61,5,1,0
BRDA:70,6,0,0
BRDA:70,6,1,0
BRDA:73,7,0,0
BRDA:73,7,1,0
BRDA:110,8,0,0
BRDA:110,8,1,0
BRDA:127,9,0,0
BRDA:127,9,1,0
BRF:20
BRH:0
end_of_record
TN:
SF:routes/teacherRoutes.js
FN:10,(anonymous_0)
FN:15,(anonymous_1)
FN:36,(anonymous_2)
FN:58,(anonymous_3)
FN:95,(anonymous_4)
FN:135,(anonymous_5)
FN:143,(anonymous_6)
FNF:7
FNH:4
FNDA:1,(anonymous_0)
FNDA:3,(anonymous_1)
FNDA:0,(anonymous_2)
FNDA:5,(anonymous_3)
FNDA:1,(anonymous_4)
FNDA:0,(anonymous_5)
FNDA:0,(anonymous_6)
DA:1,2
DA:2,2
DA:3,2
DA:4,2
DA:5,2
DA:6,2
DA:7,2
DA:10,2
DA:11,1
DA:12,1
DA:15,2
DA:16,3
DA:17,3
DA:18,3
DA:20,3
DA:21,3
DA:23,3
DA:25,3
DA:26,3
DA:28,0
DA:31,3
DA:32,3
DA:36,2
DA:37,0
DA:38,0
DA:39,0
DA:41,0
DA:42,0
DA:44,0
DA:46,0
DA:47,0
DA:49,0
DA:52,0
DA:54,0
DA:58,2
DA:59,5
DA:61,5
DA:67,1
DA:70,4
DA:71,4
DA:73,3
DA:74,3
DA:75,3
DA:77,3
DA:87,3
DA:88,3
DA:89,3
DA:91,0
DA:95,2
DA:96,1
DA:97,1
DA:98,1
DA:100,1
DA:104,1
DA:105,1
DA:107,1
DA:108,1
DA:109,1
DA:111,0
DA:114,1
DA:118,1
DA:122,1
DA:123,1
DA:124,1
DA:126,1
DA:127,1
DA:128,1
DA:130,0
DA:131,0
DA:135,2
DA:136,0
DA:138,0
DA:139,0
DA:141,0
DA:142,0
DA:143,0
DA:144,0
DA:145,0
DA:148,0
DA:149,0
DA:151,0
DA:152,0
DA:157,2
LF:83
LH:55
BRDA:20,0,0,0
BRDA:20,0,1,3
BRDA:20,1,0,3
BRDA:20,1,1,3
BRDA:21,2,0,0
BRDA:21,2,1,3
BRDA:31,3,0,0
BRDA:31,3,1,3
BRDA:41,4,0,0
BRDA:41,4,1,0
BRDA:41,5,0,0
BRDA:41,5,1,0
BRDA:42,6,0,0
BRDA:42,6,1,0
BRDA:52,7,0,0
BRDA:52,7,1,0
BRDA:61,8,0,1
BRDA:61,8,1,4
BRDA:62,9,0,5
BRDA:62,9,1,5
BRDA:62,9,2,5
BRDA:62,9,3,5
BRDA:62,9,4,5
BRDA:62,9,5,5
BRDA:62,9,6,5
BRDA:62,9,7,5
BRDA:62,9,8,5
BRDA:62,9,9,4
BRDA:62,9,10,4
BRDA:71,10,0,1
BRDA:71,10,1,3
BRDA:100,11,0,0
BRDA:100,11,1,1
BRDA:100,12,0,1
BRDA:100,12,1,1
BRDA:104,13,0,0
BRDA:104,13,1,1
BRDA:104,14,0,1
BRDA:104,14,1,1
BRDA:105,15,0,0
BRDA:105,15,1,1
BRDA:114,16,0,0
BRDA:114,16,1,1
BRDA:118,17,0,0
BRDA:118,17,1,1
BRF:45
BRH:29
end_of_record
TN:
SF:test/helpers/helpers.js
FN:79,(anonymous_0)
FN:96,(anonymous_1)
FNF:2
FNH:2
FNDA:15,(anonymous_0)
FNDA:4,(anonymous_1)
DA:1,2
DA:2,2
DA:4,2
DA:6,2
DA:17,2
DA:63,2
DA:79,2
DA:80,15
DA:81,15
DA:86,15
DA:89,15
DA:91,15
DA:93,15
DA:96,2
DA:97,4
DA:98,4
DA:103,4
DA:106,4
DA:108,4
DA:110,4
DA:115,2
LF:21
LH:21
BRF:0
BRH:0
end_of_record
TN:
SF:utils/decodeToken.js
FN:4,decodeToken
FNF:1
FNH:1
FNDA:25,decodeToken
DA:2,2
DA:5,25
DA:7,25
DA:8,25
DA:11,25
DA:13,25
DA:14,25
DA:18,25
DA:22,2
LF:9
LH:9
BRDA:7,0,0,25
BRDA:7,0,1,0
BRDA:7,1,0,25
BRDA:7,1,1,25
BRF:4
BRH:3
end_of_record
TN:
SF:utils/generateID.js
FN:1,generateID
FNF:1
FNH:1
FNDA:17,generateID
DA:2,17
DA:3,17
DA:4,85
DA:7,17
DA:10,2
LF:5
LH:5
BRF:0
BRH:0
end_of_record
